The system is: Linux - 3.10.0-1160.92.1.el7.x86_64 - x86_64
Compiling the C compiler identification source file "CMakeCCompilerId.c" succeeded.
Compiler: /apps/gcc/13.2.0/bin/gcc 
Build flags: 
Id flags:  

The output was:
0


Compilation of the C compiler identification source "CMakeCCompilerId.c" produced "a.out"

The C compiler identification is GNU, found in "/home/bat54/IT-C-530/notes/playingCodes/build/CMakeFiles/3.21.3/CompilerIdC/a.out"

Compiling the CXX compiler identification source file "CMakeCXXCompilerId.cpp" succeeded.
Compiler: /apps/gcc/13.2.0/bin/g++ 
Build flags: 
Id flags:  

The output was:
0


Compilation of the CXX compiler identification source "CMakeCXXCompilerId.cpp" produced "a.out"

The CXX compiler identification is GNU, found in "/home/bat54/IT-C-530/notes/playingCodes/build/CMakeFiles/3.21.3/CompilerIdCXX/a.out"

Detecting C compiler ABI info compiled with the following output:
Change Dir: /home/bat54/IT-C-530/notes/playingCodes/build/CMakeFiles/CMakeTmp

Run Build Command(s):/bin/gmake -f Makefile cmTC_7945b/fast && /bin/gmake  -f CMakeFiles/cmTC_7945b.dir/build.make CMakeFiles/cmTC_7945b.dir/build
gmake[1]: Entering directory `/home/bat54/IT-C-530/notes/playingCodes/build/CMakeFiles/CMakeTmp'
Building C object CMakeFiles/cmTC_7945b.dir/CMakeCCompilerABI.c.o
/apps/gcc/13.2.0/bin/gcc   -v -o CMakeFiles/cmTC_7945b.dir/CMakeCCompilerABI.c.o -c /zapps7/cmake/3.21.3/share/cmake-3.21/Modules/CMakeCCompilerABI.c
Using built-in specs.
COLLECT_GCC=/apps/gcc/13.2.0/bin/gcc
Target: x86_64-pc-linux-gnu
Configured with: /apps/src/gcc/src/gcc-13.2.0/configure --prefix=/apps/gcc/13.2.0 --enable-languages=c,c++,fortran --disable-multilib --enable-lto --with-diagnostics-color=auto --disable-linux-futex --enable-__cxa-atexit --with-tune=broadwell --with-arch=sandybridge
Thread model: posix
Supported LTO compression algorithms: zlib zstd
gcc version 13.2.0 (GCC) 
COLLECT_GCC_OPTIONS='-v' '-o' 'CMakeFiles/cmTC_7945b.dir/CMakeCCompilerABI.c.o' '-c' '-mtune=broadwell' '-march=sandybridge' '-dumpdir' 'CMakeFiles/cmTC_7945b.dir/'
 /zapps7/gcc/13.2.0/bin/../libexec/gcc/x86_64-pc-linux-gnu/13.2.0/cc1 -quiet -v -iprefix /zapps7/gcc/13.2.0/bin/../lib/gcc/x86_64-pc-linux-gnu/13.2.0/ /zapps7/cmake/3.21.3/share/cmake-3.21/Modules/CMakeCCompilerABI.c -quiet -dumpdir CMakeFiles/cmTC_7945b.dir/ -dumpbase CMakeCCompilerABI.c.c -dumpbase-ext .c -mtune=broadwell -march=sandybridge -version -o /tmp/ccYVTdji.s
GNU C17 (GCC) version 13.2.0 (x86_64-pc-linux-gnu)
	compiled by GNU C version 13.2.0, GMP version 6.2.1, MPFR version 4.1.0, MPC version 1.2.1, isl version isl-0.24-GMP

GGC heuristics: --param ggc-min-expand=100 --param ggc-min-heapsize=131072
ignoring nonexistent directory "/zapps7/gcc/13.2.0/bin/../lib/gcc/x86_64-pc-linux-gnu/13.2.0/../../../../x86_64-pc-linux-gnu/include"
ignoring duplicate directory "/zapps7/gcc/13.2.0/bin/../lib/gcc/../../lib/gcc/x86_64-pc-linux-gnu/13.2.0/include"
ignoring duplicate directory "/zapps7/gcc/13.2.0/bin/../lib/gcc/../../lib/gcc/x86_64-pc-linux-gnu/13.2.0/include-fixed"
ignoring nonexistent directory "/zapps7/gcc/13.2.0/bin/../lib/gcc/../../lib/gcc/x86_64-pc-linux-gnu/13.2.0/../../../../x86_64-pc-linux-gnu/include"
#include "..." search starts here:
#include <...> search starts here:
 /apps/julia/1.9.3/include
 /zapps7/gcc/13.2.0/bin/../lib/gcc/x86_64-pc-linux-gnu/13.2.0/include
 /zapps7/gcc/13.2.0/bin/../lib/gcc/x86_64-pc-linux-gnu/13.2.0/include-fixed
 /usr/local/include
 /zapps7/gcc/13.2.0/bin/../lib/gcc/../../include
 /usr/include
End of search list.
Compiler executable checksum: 9e70ba30a78314d68dbd8767f450a2fc
COLLECT_GCC_OPTIONS='-v' '-o' 'CMakeFiles/cmTC_7945b.dir/CMakeCCompilerABI.c.o' '-c' '-mtune=broadwell' '-march=sandybridge' '-dumpdir' 'CMakeFiles/cmTC_7945b.dir/'
 as -v --64 -o CMakeFiles/cmTC_7945b.dir/CMakeCCompilerABI.c.o /tmp/ccYVTdji.s
GNU assembler version 2.27 (x86_64-redhat-linux) using BFD version version 2.27-44.base.el7_9.1
COMPILER_PATH=/zapps7/gcc/13.2.0/bin/../libexec/gcc/x86_64-pc-linux-gnu/13.2.0/:/zapps7/gcc/13.2.0/bin/../libexec/gcc/
LIBRARY_PATH=/zapps7/gcc/13.2.0/bin/../lib/gcc/x86_64-pc-linux-gnu/13.2.0/:/zapps7/gcc/13.2.0/bin/../lib/gcc/:/zapps7/gcc/13.2.0/bin/../lib/gcc/x86_64-pc-linux-gnu/13.2.0/../../../../lib64/:/lib/../lib64/:/usr/lib/../lib64/:/apps/julia/1.9.3/lib/:/zapps7/gcc/13.2.0/bin/../lib/gcc/x86_64-pc-linux-gnu/13.2.0/../../../:/lib/:/usr/lib/
COLLECT_GCC_OPTIONS='-v' '-o' 'CMakeFiles/cmTC_7945b.dir/CMakeCCompilerABI.c.o' '-c' '-mtune=broadwell' '-march=sandybridge' '-dumpdir' 'CMakeFiles/cmTC_7945b.dir/CMakeCCompilerABI.c.'
Linking C executable cmTC_7945b
/zapps7/cmake/3.21.3/bin/cmake -E cmake_link_script CMakeFiles/cmTC_7945b.dir/link.txt --verbose=1
/apps/gcc/13.2.0/bin/gcc  -v -rdynamic CMakeFiles/cmTC_7945b.dir/CMakeCCompilerABI.c.o -o cmTC_7945b 
Using built-in specs.
COLLECT_GCC=/apps/gcc/13.2.0/bin/gcc
COLLECT_LTO_WRAPPER=/zapps7/gcc/13.2.0/bin/../libexec/gcc/x86_64-pc-linux-gnu/13.2.0/lto-wrapper
Target: x86_64-pc-linux-gnu
Configured with: /apps/src/gcc/src/gcc-13.2.0/configure --prefix=/apps/gcc/13.2.0 --enable-languages=c,c++,fortran --disable-multilib --enable-lto --with-diagnostics-color=auto --disable-linux-futex --enable-__cxa-atexit --with-tune=broadwell --with-arch=sandybridge
Thread model: posix
Supported LTO compression algorithms: zlib zstd
gcc version 13.2.0 (GCC) 
COMPILER_PATH=/zapps7/gcc/13.2.0/bin/../libexec/gcc/x86_64-pc-linux-gnu/13.2.0/:/zapps7/gcc/13.2.0/bin/../libexec/gcc/
LIBRARY_PATH=/zapps7/gcc/13.2.0/bin/../lib/gcc/x86_64-pc-linux-gnu/13.2.0/:/zapps7/gcc/13.2.0/bin/../lib/gcc/:/zapps7/gcc/13.2.0/bin/../lib/gcc/x86_64-pc-linux-gnu/13.2.0/../../../../lib64/:/lib/../lib64/:/usr/lib/../lib64/:/apps/julia/1.9.3/lib/:/zapps7/gcc/13.2.0/bin/../lib/gcc/x86_64-pc-linux-gnu/13.2.0/../../../:/lib/:/usr/lib/
COLLECT_GCC_OPTIONS='-v' '-rdynamic' '-o' 'cmTC_7945b' '-mtune=broadwell' '-march=sandybridge' '-dumpdir' 'cmTC_7945b.'
 /zapps7/gcc/13.2.0/bin/../libexec/gcc/x86_64-pc-linux-gnu/13.2.0/collect2 -plugin /zapps7/gcc/13.2.0/bin/../libexec/gcc/x86_64-pc-linux-gnu/13.2.0/liblto_plugin.so -plugin-opt=/zapps7/gcc/13.2.0/bin/../libexec/gcc/x86_64-pc-linux-gnu/13.2.0/lto-wrapper -plugin-opt=-fresolution=/tmp/ccRem93k.res -plugin-opt=-pass-through=-lgcc -plugin-opt=-pass-through=-lgcc_s -plugin-opt=-pass-through=-lc -plugin-opt=-pass-through=-lgcc -plugin-opt=-pass-through=-lgcc_s --eh-frame-hdr -m elf_x86_64 -export-dynamic -dynamic-linker /lib64/ld-linux-x86-64.so.2 -o cmTC_7945b /lib/../lib64/crt1.o /lib/../lib64/crti.o /zapps7/gcc/13.2.0/bin/../lib/gcc/x86_64-pc-linux-gnu/13.2.0/crtbegin.o -L/zapps7/gcc/13.2.0/bin/../lib/gcc/x86_64-pc-linux-gnu/13.2.0 -L/zapps7/gcc/13.2.0/bin/../lib/gcc -L/zapps7/gcc/13.2.0/bin/../lib/gcc/x86_64-pc-linux-gnu/13.2.0/../../../../lib64 -L/lib/../lib64 -L/usr/lib/../lib64 -L/apps/julia/1.9.3/lib -L/zapps7/gcc/13.2.0/bin/../lib/gcc/x86_64-pc-linux-gnu/13.2.0/../../.. CMakeFiles/cmTC_7945b.dir/CMakeCCompilerABI.c.o -lgcc --as-needed -lgcc_s --no-as-needed -lc -lgcc --as-needed -lgcc_s --no-as-needed /zapps7/gcc/13.2.0/bin/../lib/gcc/x86_64-pc-linux-gnu/13.2.0/crtend.o /lib/../lib64/crtn.o
COLLECT_GCC_OPTIONS='-v' '-rdynamic' '-o' 'cmTC_7945b' '-mtune=broadwell' '-march=sandybridge' '-dumpdir' 'cmTC_7945b.'
gmake[1]: Leaving directory `/home/bat54/IT-C-530/notes/playingCodes/build/CMakeFiles/CMakeTmp'



Parsed C implicit include dir info from above output: rv=done
  found start of include info
  found start of implicit include info
    add: [/apps/julia/1.9.3/include]
    add: [/zapps7/gcc/13.2.0/bin/../lib/gcc/x86_64-pc-linux-gnu/13.2.0/include]
    add: [/zapps7/gcc/13.2.0/bin/../lib/gcc/x86_64-pc-linux-gnu/13.2.0/include-fixed]
    add: [/usr/local/include]
    add: [/zapps7/gcc/13.2.0/bin/../lib/gcc/../../include]
    add: [/usr/include]
  end of search list found
  collapse include dir [/apps/julia/1.9.3/include] ==> [/apps/julia/1.9.3/include]
  collapse include dir [/zapps7/gcc/13.2.0/bin/../lib/gcc/x86_64-pc-linux-gnu/13.2.0/include] ==> [/zapps7/gcc/13.2.0/lib/gcc/x86_64-pc-linux-gnu/13.2.0/include]
  collapse include dir [/zapps7/gcc/13.2.0/bin/../lib/gcc/x86_64-pc-linux-gnu/13.2.0/include-fixed] ==> [/zapps7/gcc/13.2.0/lib/gcc/x86_64-pc-linux-gnu/13.2.0/include-fixed]
  collapse include dir [/usr/local/include] ==> [/usr/local/include]
  collapse include dir [/zapps7/gcc/13.2.0/bin/../lib/gcc/../../include] ==> [/zapps7/gcc/13.2.0/include]
  collapse include dir [/usr/include] ==> [/usr/include]
  implicit include dirs: [/apps/julia/1.9.3/include;/zapps7/gcc/13.2.0/lib/gcc/x86_64-pc-linux-gnu/13.2.0/include;/zapps7/gcc/13.2.0/lib/gcc/x86_64-pc-linux-gnu/13.2.0/include-fixed;/usr/local/include;/zapps7/gcc/13.2.0/include;/usr/include]


Parsed C implicit link information from above output:
  link line regex: [^( *|.*[/\])(ld|CMAKE_LINK_STARTFILE-NOTFOUND|([^/\]+-)?ld|collect2)[^/\]*( |$)]
  ignore line: [Change Dir: /home/bat54/IT-C-530/notes/playingCodes/build/CMakeFiles/CMakeTmp]
  ignore line: []
  ignore line: [Run Build Command(s):/bin/gmake -f Makefile cmTC_7945b/fast && /bin/gmake  -f CMakeFiles/cmTC_7945b.dir/build.make CMakeFiles/cmTC_7945b.dir/build]
  ignore line: [gmake[1]: Entering directory `/home/bat54/IT-C-530/notes/playingCodes/build/CMakeFiles/CMakeTmp']
  ignore line: [Building C object CMakeFiles/cmTC_7945b.dir/CMakeCCompilerABI.c.o]
  ignore line: [/apps/gcc/13.2.0/bin/gcc   -v -o CMakeFiles/cmTC_7945b.dir/CMakeCCompilerABI.c.o -c /zapps7/cmake/3.21.3/share/cmake-3.21/Modules/CMakeCCompilerABI.c]
  ignore line: [Using built-in specs.]
  ignore line: [COLLECT_GCC=/apps/gcc/13.2.0/bin/gcc]
  ignore line: [Target: x86_64-pc-linux-gnu]
  ignore line: [Configured with: /apps/src/gcc/src/gcc-13.2.0/configure --prefix=/apps/gcc/13.2.0 --enable-languages=c c++ fortran --disable-multilib --enable-lto --with-diagnostics-color=auto --disable-linux-futex --enable-__cxa-atexit --with-tune=broadwell --with-arch=sandybridge]
  ignore line: [Thread model: posix]
  ignore line: [Supported LTO compression algorithms: zlib zstd]
  ignore line: [gcc version 13.2.0 (GCC) ]
  ignore line: [COLLECT_GCC_OPTIONS='-v' '-o' 'CMakeFiles/cmTC_7945b.dir/CMakeCCompilerABI.c.o' '-c' '-mtune=broadwell' '-march=sandybridge' '-dumpdir' 'CMakeFiles/cmTC_7945b.dir/']
  ignore line: [ /zapps7/gcc/13.2.0/bin/../libexec/gcc/x86_64-pc-linux-gnu/13.2.0/cc1 -quiet -v -iprefix /zapps7/gcc/13.2.0/bin/../lib/gcc/x86_64-pc-linux-gnu/13.2.0/ /zapps7/cmake/3.21.3/share/cmake-3.21/Modules/CMakeCCompilerABI.c -quiet -dumpdir CMakeFiles/cmTC_7945b.dir/ -dumpbase CMakeCCompilerABI.c.c -dumpbase-ext .c -mtune=broadwell -march=sandybridge -version -o /tmp/ccYVTdji.s]
  ignore line: [GNU C17 (GCC) version 13.2.0 (x86_64-pc-linux-gnu)]
  ignore line: [	compiled by GNU C version 13.2.0  GMP version 6.2.1  MPFR version 4.1.0  MPC version 1.2.1  isl version isl-0.24-GMP]
  ignore line: []
  ignore line: [GGC heuristics: --param ggc-min-expand=100 --param ggc-min-heapsize=131072]
  ignore line: [ignoring nonexistent directory "/zapps7/gcc/13.2.0/bin/../lib/gcc/x86_64-pc-linux-gnu/13.2.0/../../../../x86_64-pc-linux-gnu/include"]
  ignore line: [ignoring duplicate directory "/zapps7/gcc/13.2.0/bin/../lib/gcc/../../lib/gcc/x86_64-pc-linux-gnu/13.2.0/include"]
  ignore line: [ignoring duplicate directory "/zapps7/gcc/13.2.0/bin/../lib/gcc/../../lib/gcc/x86_64-pc-linux-gnu/13.2.0/include-fixed"]
  ignore line: [ignoring nonexistent directory "/zapps7/gcc/13.2.0/bin/../lib/gcc/../../lib/gcc/x86_64-pc-linux-gnu/13.2.0/../../../../x86_64-pc-linux-gnu/include"]
  ignore line: [#include "..." search starts here:]
  ignore line: [#include <...> search starts here:]
  ignore line: [ /apps/julia/1.9.3/include]
  ignore line: [ /zapps7/gcc/13.2.0/bin/../lib/gcc/x86_64-pc-linux-gnu/13.2.0/include]
  ignore line: [ /zapps7/gcc/13.2.0/bin/../lib/gcc/x86_64-pc-linux-gnu/13.2.0/include-fixed]
  ignore line: [ /usr/local/include]
  ignore line: [ /zapps7/gcc/13.2.0/bin/../lib/gcc/../../include]
  ignore line: [ /usr/include]
  ignore line: [End of search list.]
  ignore line: [Compiler executable checksum: 9e70ba30a78314d68dbd8767f450a2fc]
  ignore line: [COLLECT_GCC_OPTIONS='-v' '-o' 'CMakeFiles/cmTC_7945b.dir/CMakeCCompilerABI.c.o' '-c' '-mtune=broadwell' '-march=sandybridge' '-dumpdir' 'CMakeFiles/cmTC_7945b.dir/']
  ignore line: [ as -v --64 -o CMakeFiles/cmTC_7945b.dir/CMakeCCompilerABI.c.o /tmp/ccYVTdji.s]
  ignore line: [GNU assembler version 2.27 (x86_64-redhat-linux) using BFD version version 2.27-44.base.el7_9.1]
  ignore line: [COMPILER_PATH=/zapps7/gcc/13.2.0/bin/../libexec/gcc/x86_64-pc-linux-gnu/13.2.0/:/zapps7/gcc/13.2.0/bin/../libexec/gcc/]
  ignore line: [LIBRARY_PATH=/zapps7/gcc/13.2.0/bin/../lib/gcc/x86_64-pc-linux-gnu/13.2.0/:/zapps7/gcc/13.2.0/bin/../lib/gcc/:/zapps7/gcc/13.2.0/bin/../lib/gcc/x86_64-pc-linux-gnu/13.2.0/../../../../lib64/:/lib/../lib64/:/usr/lib/../lib64/:/apps/julia/1.9.3/lib/:/zapps7/gcc/13.2.0/bin/../lib/gcc/x86_64-pc-linux-gnu/13.2.0/../../../:/lib/:/usr/lib/]
  ignore line: [COLLECT_GCC_OPTIONS='-v' '-o' 'CMakeFiles/cmTC_7945b.dir/CMakeCCompilerABI.c.o' '-c' '-mtune=broadwell' '-march=sandybridge' '-dumpdir' 'CMakeFiles/cmTC_7945b.dir/CMakeCCompilerABI.c.']
  ignore line: [Linking C executable cmTC_7945b]
  ignore line: [/zapps7/cmake/3.21.3/bin/cmake -E cmake_link_script CMakeFiles/cmTC_7945b.dir/link.txt --verbose=1]
  ignore line: [/apps/gcc/13.2.0/bin/gcc  -v -rdynamic CMakeFiles/cmTC_7945b.dir/CMakeCCompilerABI.c.o -o cmTC_7945b ]
  ignore line: [Using built-in specs.]
  ignore line: [COLLECT_GCC=/apps/gcc/13.2.0/bin/gcc]
  ignore line: [COLLECT_LTO_WRAPPER=/zapps7/gcc/13.2.0/bin/../libexec/gcc/x86_64-pc-linux-gnu/13.2.0/lto-wrapper]
  ignore line: [Target: x86_64-pc-linux-gnu]
  ignore line: [Configured with: /apps/src/gcc/src/gcc-13.2.0/configure --prefix=/apps/gcc/13.2.0 --enable-languages=c c++ fortran --disable-multilib --enable-lto --with-diagnostics-color=auto --disable-linux-futex --enable-__cxa-atexit --with-tune=broadwell --with-arch=sandybridge]
  ignore line: [Thread model: posix]
  ignore line: [Supported LTO compression algorithms: zlib zstd]
  ignore line: [gcc version 13.2.0 (GCC) ]
  ignore line: [COMPILER_PATH=/zapps7/gcc/13.2.0/bin/../libexec/gcc/x86_64-pc-linux-gnu/13.2.0/:/zapps7/gcc/13.2.0/bin/../libexec/gcc/]
  ignore line: [LIBRARY_PATH=/zapps7/gcc/13.2.0/bin/../lib/gcc/x86_64-pc-linux-gnu/13.2.0/:/zapps7/gcc/13.2.0/bin/../lib/gcc/:/zapps7/gcc/13.2.0/bin/../lib/gcc/x86_64-pc-linux-gnu/13.2.0/../../../../lib64/:/lib/../lib64/:/usr/lib/../lib64/:/apps/julia/1.9.3/lib/:/zapps7/gcc/13.2.0/bin/../lib/gcc/x86_64-pc-linux-gnu/13.2.0/../../../:/lib/:/usr/lib/]
  ignore line: [COLLECT_GCC_OPTIONS='-v' '-rdynamic' '-o' 'cmTC_7945b' '-mtune=broadwell' '-march=sandybridge' '-dumpdir' 'cmTC_7945b.']
  link line: [ /zapps7/gcc/13.2.0/bin/../libexec/gcc/x86_64-pc-linux-gnu/13.2.0/collect2 -plugin /zapps7/gcc/13.2.0/bin/../libexec/gcc/x86_64-pc-linux-gnu/13.2.0/liblto_plugin.so -plugin-opt=/zapps7/gcc/13.2.0/bin/../libexec/gcc/x86_64-pc-linux-gnu/13.2.0/lto-wrapper -plugin-opt=-fresolution=/tmp/ccRem93k.res -plugin-opt=-pass-through=-lgcc -plugin-opt=-pass-through=-lgcc_s -plugin-opt=-pass-through=-lc -plugin-opt=-pass-through=-lgcc -plugin-opt=-pass-through=-lgcc_s --eh-frame-hdr -m elf_x86_64 -export-dynamic -dynamic-linker /lib64/ld-linux-x86-64.so.2 -o cmTC_7945b /lib/../lib64/crt1.o /lib/../lib64/crti.o /zapps7/gcc/13.2.0/bin/../lib/gcc/x86_64-pc-linux-gnu/13.2.0/crtbegin.o -L/zapps7/gcc/13.2.0/bin/../lib/gcc/x86_64-pc-linux-gnu/13.2.0 -L/zapps7/gcc/13.2.0/bin/../lib/gcc -L/zapps7/gcc/13.2.0/bin/../lib/gcc/x86_64-pc-linux-gnu/13.2.0/../../../../lib64 -L/lib/../lib64 -L/usr/lib/../lib64 -L/apps/julia/1.9.3/lib -L/zapps7/gcc/13.2.0/bin/../lib/gcc/x86_64-pc-linux-gnu/13.2.0/../../.. CMakeFiles/cmTC_7945b.dir/CMakeCCompilerABI.c.o -lgcc --as-needed -lgcc_s --no-as-needed -lc -lgcc --as-needed -lgcc_s --no-as-needed /zapps7/gcc/13.2.0/bin/../lib/gcc/x86_64-pc-linux-gnu/13.2.0/crtend.o /lib/../lib64/crtn.o]
    arg [/zapps7/gcc/13.2.0/bin/../libexec/gcc/x86_64-pc-linux-gnu/13.2.0/collect2] ==> ignore
    arg [-plugin] ==> ignore
    arg [/zapps7/gcc/13.2.0/bin/../libexec/gcc/x86_64-pc-linux-gnu/13.2.0/liblto_plugin.so] ==> ignore
    arg [-plugin-opt=/zapps7/gcc/13.2.0/bin/../libexec/gcc/x86_64-pc-linux-gnu/13.2.0/lto-wrapper] ==> ignore
    arg [-plugin-opt=-fresolution=/tmp/ccRem93k.res] ==> ignore
    arg [-plugin-opt=-pass-through=-lgcc] ==> ignore
    arg [-plugin-opt=-pass-through=-lgcc_s] ==> ignore
    arg [-plugin-opt=-pass-through=-lc] ==> ignore
    arg [-plugin-opt=-pass-through=-lgcc] ==> ignore
    arg [-plugin-opt=-pass-through=-lgcc_s] ==> ignore
    arg [--eh-frame-hdr] ==> ignore
    arg [-m] ==> ignore
    arg [elf_x86_64] ==> ignore
    arg [-export-dynamic] ==> ignore
    arg [-dynamic-linker] ==> ignore
    arg [/lib64/ld-linux-x86-64.so.2] ==> ignore
    arg [-o] ==> ignore
    arg [cmTC_7945b] ==> ignore
    arg [/lib/../lib64/crt1.o] ==> obj [/lib/../lib64/crt1.o]
    arg [/lib/../lib64/crti.o] ==> obj [/lib/../lib64/crti.o]
    arg [/zapps7/gcc/13.2.0/bin/../lib/gcc/x86_64-pc-linux-gnu/13.2.0/crtbegin.o] ==> obj [/zapps7/gcc/13.2.0/bin/../lib/gcc/x86_64-pc-linux-gnu/13.2.0/crtbegin.o]
    arg [-L/zapps7/gcc/13.2.0/bin/../lib/gcc/x86_64-pc-linux-gnu/13.2.0] ==> dir [/zapps7/gcc/13.2.0/bin/../lib/gcc/x86_64-pc-linux-gnu/13.2.0]
    arg [-L/zapps7/gcc/13.2.0/bin/../lib/gcc] ==> dir [/zapps7/gcc/13.2.0/bin/../lib/gcc]
    arg [-L/zapps7/gcc/13.2.0/bin/../lib/gcc/x86_64-pc-linux-gnu/13.2.0/../../../../lib64] ==> dir [/zapps7/gcc/13.2.0/bin/../lib/gcc/x86_64-pc-linux-gnu/13.2.0/../../../../lib64]
    arg [-L/lib/../lib64] ==> dir [/lib/../lib64]
    arg [-L/usr/lib/../lib64] ==> dir [/usr/lib/../lib64]
    arg [-L/apps/julia/1.9.3/lib] ==> dir [/apps/julia/1.9.3/lib]
    arg [-L/zapps7/gcc/13.2.0/bin/../lib/gcc/x86_64-pc-linux-gnu/13.2.0/../../..] ==> dir [/zapps7/gcc/13.2.0/bin/../lib/gcc/x86_64-pc-linux-gnu/13.2.0/../../..]
    arg [CMakeFiles/cmTC_7945b.dir/CMakeCCompilerABI.c.o] ==> ignore
    arg [-lgcc] ==> lib [gcc]
    arg [--as-needed] ==> ignore
    arg [-lgcc_s] ==> lib [gcc_s]
    arg [--no-as-needed] ==> ignore
    arg [-lc] ==> lib [c]
    arg [-lgcc] ==> lib [gcc]
    arg [--as-needed] ==> ignore
    arg [-lgcc_s] ==> lib [gcc_s]
    arg [--no-as-needed] ==> ignore
    arg [/zapps7/gcc/13.2.0/bin/../lib/gcc/x86_64-pc-linux-gnu/13.2.0/crtend.o] ==> obj [/zapps7/gcc/13.2.0/bin/../lib/gcc/x86_64-pc-linux-gnu/13.2.0/crtend.o]
    arg [/lib/../lib64/crtn.o] ==> obj [/lib/../lib64/crtn.o]
  collapse obj [/lib/../lib64/crt1.o] ==> [/lib64/crt1.o]
  collapse obj [/lib/../lib64/crti.o] ==> [/lib64/crti.o]
  collapse obj [/zapps7/gcc/13.2.0/bin/../lib/gcc/x86_64-pc-linux-gnu/13.2.0/crtbegin.o] ==> [/zapps7/gcc/13.2.0/lib/gcc/x86_64-pc-linux-gnu/13.2.0/crtbegin.o]
  collapse obj [/zapps7/gcc/13.2.0/bin/../lib/gcc/x86_64-pc-linux-gnu/13.2.0/crtend.o] ==> [/zapps7/gcc/13.2.0/lib/gcc/x86_64-pc-linux-gnu/13.2.0/crtend.o]
  collapse obj [/lib/../lib64/crtn.o] ==> [/lib64/crtn.o]
  collapse library dir [/zapps7/gcc/13.2.0/bin/../lib/gcc/x86_64-pc-linux-gnu/13.2.0] ==> [/zapps7/gcc/13.2.0/lib/gcc/x86_64-pc-linux-gnu/13.2.0]
  collapse library dir [/zapps7/gcc/13.2.0/bin/../lib/gcc] ==> [/zapps7/gcc/13.2.0/lib/gcc]
  collapse library dir [/zapps7/gcc/13.2.0/bin/../lib/gcc/x86_64-pc-linux-gnu/13.2.0/../../../../lib64] ==> [/zapps7/gcc/13.2.0/lib64]
  collapse library dir [/lib/../lib64] ==> [/lib64]
  collapse library dir [/usr/lib/../lib64] ==> [/usr/lib64]
  collapse library dir [/apps/julia/1.9.3/lib] ==> [/apps/julia/1.9.3/lib]
  collapse library dir [/zapps7/gcc/13.2.0/bin/../lib/gcc/x86_64-pc-linux-gnu/13.2.0/../../..] ==> [/zapps7/gcc/13.2.0/lib]
  implicit libs: [gcc;gcc_s;c;gcc;gcc_s]
  implicit objs: [/lib64/crt1.o;/lib64/crti.o;/zapps7/gcc/13.2.0/lib/gcc/x86_64-pc-linux-gnu/13.2.0/crtbegin.o;/zapps7/gcc/13.2.0/lib/gcc/x86_64-pc-linux-gnu/13.2.0/crtend.o;/lib64/crtn.o]
  implicit dirs: [/zapps7/gcc/13.2.0/lib/gcc/x86_64-pc-linux-gnu/13.2.0;/zapps7/gcc/13.2.0/lib/gcc;/zapps7/gcc/13.2.0/lib64;/lib64;/usr/lib64;/apps/julia/1.9.3/lib;/zapps7/gcc/13.2.0/lib]
  implicit fwks: []


Detecting CXX compiler ABI info compiled with the following output:
Change Dir: /home/bat54/IT-C-530/notes/playingCodes/build/CMakeFiles/CMakeTmp

Run Build Command(s):/bin/gmake -f Makefile cmTC_5fd39/fast && /bin/gmake  -f CMakeFiles/cmTC_5fd39.dir/build.make CMakeFiles/cmTC_5fd39.dir/build
gmake[1]: Entering directory `/home/bat54/IT-C-530/notes/playingCodes/build/CMakeFiles/CMakeTmp'
Building CXX object CMakeFiles/cmTC_5fd39.dir/CMakeCXXCompilerABI.cpp.o
/apps/gcc/13.2.0/bin/g++   -v -o CMakeFiles/cmTC_5fd39.dir/CMakeCXXCompilerABI.cpp.o -c /zapps7/cmake/3.21.3/share/cmake-3.21/Modules/CMakeCXXCompilerABI.cpp
Using built-in specs.
COLLECT_GCC=/apps/gcc/13.2.0/bin/g++
Target: x86_64-pc-linux-gnu
Configured with: /apps/src/gcc/src/gcc-13.2.0/configure --prefix=/apps/gcc/13.2.0 --enable-languages=c,c++,fortran --disable-multilib --enable-lto --with-diagnostics-color=auto --disable-linux-futex --enable-__cxa-atexit --with-tune=broadwell --with-arch=sandybridge
Thread model: posix
Supported LTO compression algorithms: zlib zstd
gcc version 13.2.0 (GCC) 
COLLECT_GCC_OPTIONS='-v' '-o' 'CMakeFiles/cmTC_5fd39.dir/CMakeCXXCompilerABI.cpp.o' '-c' '-shared-libgcc' '-mtune=broadwell' '-march=sandybridge' '-dumpdir' 'CMakeFiles/cmTC_5fd39.dir/'
 /zapps7/gcc/13.2.0/bin/../libexec/gcc/x86_64-pc-linux-gnu/13.2.0/cc1plus -quiet -v -iprefix /zapps7/gcc/13.2.0/bin/../lib/gcc/x86_64-pc-linux-gnu/13.2.0/ -D_GNU_SOURCE /zapps7/cmake/3.21.3/share/cmake-3.21/Modules/CMakeCXXCompilerABI.cpp -quiet -dumpdir CMakeFiles/cmTC_5fd39.dir/ -dumpbase CMakeCXXCompilerABI.cpp.cpp -dumpbase-ext .cpp -mtune=broadwell -march=sandybridge -version -o /tmp/cchxD0Zv.s
GNU C++17 (GCC) version 13.2.0 (x86_64-pc-linux-gnu)
	compiled by GNU C version 13.2.0, GMP version 6.2.1, MPFR version 4.1.0, MPC version 1.2.1, isl version isl-0.24-GMP

GGC heuristics: --param ggc-min-expand=100 --param ggc-min-heapsize=131072
ignoring nonexistent directory "/zapps7/gcc/13.2.0/bin/../lib/gcc/x86_64-pc-linux-gnu/13.2.0/../../../../x86_64-pc-linux-gnu/include"
ignoring duplicate directory "/zapps7/gcc/13.2.0/bin/../lib/gcc/../../lib/gcc/x86_64-pc-linux-gnu/13.2.0/../../../../include/c++/13.2.0"
ignoring duplicate directory "/zapps7/gcc/13.2.0/bin/../lib/gcc/../../lib/gcc/x86_64-pc-linux-gnu/13.2.0/../../../../include/c++/13.2.0/x86_64-pc-linux-gnu"
ignoring duplicate directory "/zapps7/gcc/13.2.0/bin/../lib/gcc/../../lib/gcc/x86_64-pc-linux-gnu/13.2.0/../../../../include/c++/13.2.0/backward"
ignoring duplicate directory "/zapps7/gcc/13.2.0/bin/../lib/gcc/../../lib/gcc/x86_64-pc-linux-gnu/13.2.0/include"
ignoring duplicate directory "/zapps7/gcc/13.2.0/bin/../lib/gcc/../../lib/gcc/x86_64-pc-linux-gnu/13.2.0/include-fixed"
ignoring nonexistent directory "/zapps7/gcc/13.2.0/bin/../lib/gcc/../../lib/gcc/x86_64-pc-linux-gnu/13.2.0/../../../../x86_64-pc-linux-gnu/include"
#include "..." search starts here:
#include <...> search starts here:
 /apps/julia/1.9.3/include
 /zapps7/gcc/13.2.0/bin/../lib/gcc/x86_64-pc-linux-gnu/13.2.0/../../../../include/c++/13.2.0
 /zapps7/gcc/13.2.0/bin/../lib/gcc/x86_64-pc-linux-gnu/13.2.0/../../../../include/c++/13.2.0/x86_64-pc-linux-gnu
 /zapps7/gcc/13.2.0/bin/../lib/gcc/x86_64-pc-linux-gnu/13.2.0/../../../../include/c++/13.2.0/backward
 /zapps7/gcc/13.2.0/bin/../lib/gcc/x86_64-pc-linux-gnu/13.2.0/include
 /zapps7/gcc/13.2.0/bin/../lib/gcc/x86_64-pc-linux-gnu/13.2.0/include-fixed
 /usr/local/include
 /zapps7/gcc/13.2.0/bin/../lib/gcc/../../include
 /usr/include
End of search list.
Compiler executable checksum: d41b743d9e4a2547dbd55f980e34b9a7
COLLECT_GCC_OPTIONS='-v' '-o' 'CMakeFiles/cmTC_5fd39.dir/CMakeCXXCompilerABI.cpp.o' '-c' '-shared-libgcc' '-mtune=broadwell' '-march=sandybridge' '-dumpdir' 'CMakeFiles/cmTC_5fd39.dir/'
 as -v --64 -o CMakeFiles/cmTC_5fd39.dir/CMakeCXXCompilerABI.cpp.o /tmp/cchxD0Zv.s
GNU assembler version 2.27 (x86_64-redhat-linux) using BFD version version 2.27-44.base.el7_9.1
COMPILER_PATH=/zapps7/gcc/13.2.0/bin/../libexec/gcc/x86_64-pc-linux-gnu/13.2.0/:/zapps7/gcc/13.2.0/bin/../libexec/gcc/
LIBRARY_PATH=/zapps7/gcc/13.2.0/bin/../lib/gcc/x86_64-pc-linux-gnu/13.2.0/:/zapps7/gcc/13.2.0/bin/../lib/gcc/:/zapps7/gcc/13.2.0/bin/../lib/gcc/x86_64-pc-linux-gnu/13.2.0/../../../../lib64/:/lib/../lib64/:/usr/lib/../lib64/:/apps/julia/1.9.3/lib/:/zapps7/gcc/13.2.0/bin/../lib/gcc/x86_64-pc-linux-gnu/13.2.0/../../../:/lib/:/usr/lib/
COLLECT_GCC_OPTIONS='-v' '-o' 'CMakeFiles/cmTC_5fd39.dir/CMakeCXXCompilerABI.cpp.o' '-c' '-shared-libgcc' '-mtune=broadwell' '-march=sandybridge' '-dumpdir' 'CMakeFiles/cmTC_5fd39.dir/CMakeCXXCompilerABI.cpp.'
Linking CXX executable cmTC_5fd39
/zapps7/cmake/3.21.3/bin/cmake -E cmake_link_script CMakeFiles/cmTC_5fd39.dir/link.txt --verbose=1
/apps/gcc/13.2.0/bin/g++  -v -rdynamic CMakeFiles/cmTC_5fd39.dir/CMakeCXXCompilerABI.cpp.o -o cmTC_5fd39 
Using built-in specs.
COLLECT_GCC=/apps/gcc/13.2.0/bin/g++
COLLECT_LTO_WRAPPER=/zapps7/gcc/13.2.0/bin/../libexec/gcc/x86_64-pc-linux-gnu/13.2.0/lto-wrapper
Target: x86_64-pc-linux-gnu
Configured with: /apps/src/gcc/src/gcc-13.2.0/configure --prefix=/apps/gcc/13.2.0 --enable-languages=c,c++,fortran --disable-multilib --enable-lto --with-diagnostics-color=auto --disable-linux-futex --enable-__cxa-atexit --with-tune=broadwell --with-arch=sandybridge
Thread model: posix
Supported LTO compression algorithms: zlib zstd
gcc version 13.2.0 (GCC) 
COMPILER_PATH=/zapps7/gcc/13.2.0/bin/../libexec/gcc/x86_64-pc-linux-gnu/13.2.0/:/zapps7/gcc/13.2.0/bin/../libexec/gcc/
LIBRARY_PATH=/zapps7/gcc/13.2.0/bin/../lib/gcc/x86_64-pc-linux-gnu/13.2.0/:/zapps7/gcc/13.2.0/bin/../lib/gcc/:/zapps7/gcc/13.2.0/bin/../lib/gcc/x86_64-pc-linux-gnu/13.2.0/../../../../lib64/:/lib/../lib64/:/usr/lib/../lib64/:/apps/julia/1.9.3/lib/:/zapps7/gcc/13.2.0/bin/../lib/gcc/x86_64-pc-linux-gnu/13.2.0/../../../:/lib/:/usr/lib/
COLLECT_GCC_OPTIONS='-v' '-rdynamic' '-o' 'cmTC_5fd39' '-shared-libgcc' '-mtune=broadwell' '-march=sandybridge' '-dumpdir' 'cmTC_5fd39.'
 /zapps7/gcc/13.2.0/bin/../libexec/gcc/x86_64-pc-linux-gnu/13.2.0/collect2 -plugin /zapps7/gcc/13.2.0/bin/../libexec/gcc/x86_64-pc-linux-gnu/13.2.0/liblto_plugin.so -plugin-opt=/zapps7/gcc/13.2.0/bin/../libexec/gcc/x86_64-pc-linux-gnu/13.2.0/lto-wrapper -plugin-opt=-fresolution=/tmp/ccol9uLx.res -plugin-opt=-pass-through=-lgcc_s -plugin-opt=-pass-through=-lgcc -plugin-opt=-pass-through=-lc -plugin-opt=-pass-through=-lgcc_s -plugin-opt=-pass-through=-lgcc --eh-frame-hdr -m elf_x86_64 -export-dynamic -dynamic-linker /lib64/ld-linux-x86-64.so.2 -o cmTC_5fd39 /lib/../lib64/crt1.o /lib/../lib64/crti.o /zapps7/gcc/13.2.0/bin/../lib/gcc/x86_64-pc-linux-gnu/13.2.0/crtbegin.o -L/zapps7/gcc/13.2.0/bin/../lib/gcc/x86_64-pc-linux-gnu/13.2.0 -L/zapps7/gcc/13.2.0/bin/../lib/gcc -L/zapps7/gcc/13.2.0/bin/../lib/gcc/x86_64-pc-linux-gnu/13.2.0/../../../../lib64 -L/lib/../lib64 -L/usr/lib/../lib64 -L/apps/julia/1.9.3/lib -L/zapps7/gcc/13.2.0/bin/../lib/gcc/x86_64-pc-linux-gnu/13.2.0/../../.. CMakeFiles/cmTC_5fd39.dir/CMakeCXXCompilerABI.cpp.o -lstdc++ -lm -lgcc_s -lgcc -lc -lgcc_s -lgcc /zapps7/gcc/13.2.0/bin/../lib/gcc/x86_64-pc-linux-gnu/13.2.0/crtend.o /lib/../lib64/crtn.o
COLLECT_GCC_OPTIONS='-v' '-rdynamic' '-o' 'cmTC_5fd39' '-shared-libgcc' '-mtune=broadwell' '-march=sandybridge' '-dumpdir' 'cmTC_5fd39.'
gmake[1]: Leaving directory `/home/bat54/IT-C-530/notes/playingCodes/build/CMakeFiles/CMakeTmp'



Parsed CXX implicit include dir info from above output: rv=done
  found start of include info
  found start of implicit include info
    add: [/apps/julia/1.9.3/include]
    add: [/zapps7/gcc/13.2.0/bin/../lib/gcc/x86_64-pc-linux-gnu/13.2.0/../../../../include/c++/13.2.0]
    add: [/zapps7/gcc/13.2.0/bin/../lib/gcc/x86_64-pc-linux-gnu/13.2.0/../../../../include/c++/13.2.0/x86_64-pc-linux-gnu]
    add: [/zapps7/gcc/13.2.0/bin/../lib/gcc/x86_64-pc-linux-gnu/13.2.0/../../../../include/c++/13.2.0/backward]
    add: [/zapps7/gcc/13.2.0/bin/../lib/gcc/x86_64-pc-linux-gnu/13.2.0/include]
    add: [/zapps7/gcc/13.2.0/bin/../lib/gcc/x86_64-pc-linux-gnu/13.2.0/include-fixed]
    add: [/usr/local/include]
    add: [/zapps7/gcc/13.2.0/bin/../lib/gcc/../../include]
    add: [/usr/include]
  end of search list found
  collapse include dir [/apps/julia/1.9.3/include] ==> [/apps/julia/1.9.3/include]
  collapse include dir [/zapps7/gcc/13.2.0/bin/../lib/gcc/x86_64-pc-linux-gnu/13.2.0/../../../../include/c++/13.2.0] ==> [/zapps7/gcc/13.2.0/include/c++/13.2.0]
  collapse include dir [/zapps7/gcc/13.2.0/bin/../lib/gcc/x86_64-pc-linux-gnu/13.2.0/../../../../include/c++/13.2.0/x86_64-pc-linux-gnu] ==> [/zapps7/gcc/13.2.0/include/c++/13.2.0/x86_64-pc-linux-gnu]
  collapse include dir [/zapps7/gcc/13.2.0/bin/../lib/gcc/x86_64-pc-linux-gnu/13.2.0/../../../../include/c++/13.2.0/backward] ==> [/zapps7/gcc/13.2.0/include/c++/13.2.0/backward]
  collapse include dir [/zapps7/gcc/13.2.0/bin/../lib/gcc/x86_64-pc-linux-gnu/13.2.0/include] ==> [/zapps7/gcc/13.2.0/lib/gcc/x86_64-pc-linux-gnu/13.2.0/include]
  collapse include dir [/zapps7/gcc/13.2.0/bin/../lib/gcc/x86_64-pc-linux-gnu/13.2.0/include-fixed] ==> [/zapps7/gcc/13.2.0/lib/gcc/x86_64-pc-linux-gnu/13.2.0/include-fixed]
  collapse include dir [/usr/local/include] ==> [/usr/local/include]
  collapse include dir [/zapps7/gcc/13.2.0/bin/../lib/gcc/../../include] ==> [/zapps7/gcc/13.2.0/include]
  collapse include dir [/usr/include] ==> [/usr/include]
  implicit include dirs: [/apps/julia/1.9.3/include;/zapps7/gcc/13.2.0/include/c++/13.2.0;/zapps7/gcc/13.2.0/include/c++/13.2.0/x86_64-pc-linux-gnu;/zapps7/gcc/13.2.0/include/c++/13.2.0/backward;/zapps7/gcc/13.2.0/lib/gcc/x86_64-pc-linux-gnu/13.2.0/include;/zapps7/gcc/13.2.0/lib/gcc/x86_64-pc-linux-gnu/13.2.0/include-fixed;/usr/local/include;/zapps7/gcc/13.2.0/include;/usr/include]


Parsed CXX implicit link information from above output:
  link line regex: [^( *|.*[/\])(ld|CMAKE_LINK_STARTFILE-NOTFOUND|([^/\]+-)?ld|collect2)[^/\]*( |$)]
  ignore line: [Change Dir: /home/bat54/IT-C-530/notes/playingCodes/build/CMakeFiles/CMakeTmp]
  ignore line: []
  ignore line: [Run Build Command(s):/bin/gmake -f Makefile cmTC_5fd39/fast && /bin/gmake  -f CMakeFiles/cmTC_5fd39.dir/build.make CMakeFiles/cmTC_5fd39.dir/build]
  ignore line: [gmake[1]: Entering directory `/home/bat54/IT-C-530/notes/playingCodes/build/CMakeFiles/CMakeTmp']
  ignore line: [Building CXX object CMakeFiles/cmTC_5fd39.dir/CMakeCXXCompilerABI.cpp.o]
  ignore line: [/apps/gcc/13.2.0/bin/g++   -v -o CMakeFiles/cmTC_5fd39.dir/CMakeCXXCompilerABI.cpp.o -c /zapps7/cmake/3.21.3/share/cmake-3.21/Modules/CMakeCXXCompilerABI.cpp]
  ignore line: [Using built-in specs.]
  ignore line: [COLLECT_GCC=/apps/gcc/13.2.0/bin/g++]
  ignore line: [Target: x86_64-pc-linux-gnu]
  ignore line: [Configured with: /apps/src/gcc/src/gcc-13.2.0/configure --prefix=/apps/gcc/13.2.0 --enable-languages=c c++ fortran --disable-multilib --enable-lto --with-diagnostics-color=auto --disable-linux-futex --enable-__cxa-atexit --with-tune=broadwell --with-arch=sandybridge]
  ignore line: [Thread model: posix]
  ignore line: [Supported LTO compression algorithms: zlib zstd]
  ignore line: [gcc version 13.2.0 (GCC) ]
  ignore line: [COLLECT_GCC_OPTIONS='-v' '-o' 'CMakeFiles/cmTC_5fd39.dir/CMakeCXXCompilerABI.cpp.o' '-c' '-shared-libgcc' '-mtune=broadwell' '-march=sandybridge' '-dumpdir' 'CMakeFiles/cmTC_5fd39.dir/']
  ignore line: [ /zapps7/gcc/13.2.0/bin/../libexec/gcc/x86_64-pc-linux-gnu/13.2.0/cc1plus -quiet -v -iprefix /zapps7/gcc/13.2.0/bin/../lib/gcc/x86_64-pc-linux-gnu/13.2.0/ -D_GNU_SOURCE /zapps7/cmake/3.21.3/share/cmake-3.21/Modules/CMakeCXXCompilerABI.cpp -quiet -dumpdir CMakeFiles/cmTC_5fd39.dir/ -dumpbase CMakeCXXCompilerABI.cpp.cpp -dumpbase-ext .cpp -mtune=broadwell -march=sandybridge -version -o /tmp/cchxD0Zv.s]
  ignore line: [GNU C++17 (GCC) version 13.2.0 (x86_64-pc-linux-gnu)]
  ignore line: [	compiled by GNU C version 13.2.0  GMP version 6.2.1  MPFR version 4.1.0  MPC version 1.2.1  isl version isl-0.24-GMP]
  ignore line: []
  ignore line: [GGC heuristics: --param ggc-min-expand=100 --param ggc-min-heapsize=131072]
  ignore line: [ignoring nonexistent directory "/zapps7/gcc/13.2.0/bin/../lib/gcc/x86_64-pc-linux-gnu/13.2.0/../../../../x86_64-pc-linux-gnu/include"]
  ignore line: [ignoring duplicate directory "/zapps7/gcc/13.2.0/bin/../lib/gcc/../../lib/gcc/x86_64-pc-linux-gnu/13.2.0/../../../../include/c++/13.2.0"]
  ignore line: [ignoring duplicate directory "/zapps7/gcc/13.2.0/bin/../lib/gcc/../../lib/gcc/x86_64-pc-linux-gnu/13.2.0/../../../../include/c++/13.2.0/x86_64-pc-linux-gnu"]
  ignore line: [ignoring duplicate directory "/zapps7/gcc/13.2.0/bin/../lib/gcc/../../lib/gcc/x86_64-pc-linux-gnu/13.2.0/../../../../include/c++/13.2.0/backward"]
  ignore line: [ignoring duplicate directory "/zapps7/gcc/13.2.0/bin/../lib/gcc/../../lib/gcc/x86_64-pc-linux-gnu/13.2.0/include"]
  ignore line: [ignoring duplicate directory "/zapps7/gcc/13.2.0/bin/../lib/gcc/../../lib/gcc/x86_64-pc-linux-gnu/13.2.0/include-fixed"]
  ignore line: [ignoring nonexistent directory "/zapps7/gcc/13.2.0/bin/../lib/gcc/../../lib/gcc/x86_64-pc-linux-gnu/13.2.0/../../../../x86_64-pc-linux-gnu/include"]
  ignore line: [#include "..." search starts here:]
  ignore line: [#include <...> search starts here:]
  ignore line: [ /apps/julia/1.9.3/include]
  ignore line: [ /zapps7/gcc/13.2.0/bin/../lib/gcc/x86_64-pc-linux-gnu/13.2.0/../../../../include/c++/13.2.0]
  ignore line: [ /zapps7/gcc/13.2.0/bin/../lib/gcc/x86_64-pc-linux-gnu/13.2.0/../../../../include/c++/13.2.0/x86_64-pc-linux-gnu]
  ignore line: [ /zapps7/gcc/13.2.0/bin/../lib/gcc/x86_64-pc-linux-gnu/13.2.0/../../../../include/c++/13.2.0/backward]
  ignore line: [ /zapps7/gcc/13.2.0/bin/../lib/gcc/x86_64-pc-linux-gnu/13.2.0/include]
  ignore line: [ /zapps7/gcc/13.2.0/bin/../lib/gcc/x86_64-pc-linux-gnu/13.2.0/include-fixed]
  ignore line: [ /usr/local/include]
  ignore line: [ /zapps7/gcc/13.2.0/bin/../lib/gcc/../../include]
  ignore line: [ /usr/include]
  ignore line: [End of search list.]
  ignore line: [Compiler executable checksum: d41b743d9e4a2547dbd55f980e34b9a7]
  ignore line: [COLLECT_GCC_OPTIONS='-v' '-o' 'CMakeFiles/cmTC_5fd39.dir/CMakeCXXCompilerABI.cpp.o' '-c' '-shared-libgcc' '-mtune=broadwell' '-march=sandybridge' '-dumpdir' 'CMakeFiles/cmTC_5fd39.dir/']
  ignore line: [ as -v --64 -o CMakeFiles/cmTC_5fd39.dir/CMakeCXXCompilerABI.cpp.o /tmp/cchxD0Zv.s]
  ignore line: [GNU assembler version 2.27 (x86_64-redhat-linux) using BFD version version 2.27-44.base.el7_9.1]
  ignore line: [COMPILER_PATH=/zapps7/gcc/13.2.0/bin/../libexec/gcc/x86_64-pc-linux-gnu/13.2.0/:/zapps7/gcc/13.2.0/bin/../libexec/gcc/]
  ignore line: [LIBRARY_PATH=/zapps7/gcc/13.2.0/bin/../lib/gcc/x86_64-pc-linux-gnu/13.2.0/:/zapps7/gcc/13.2.0/bin/../lib/gcc/:/zapps7/gcc/13.2.0/bin/../lib/gcc/x86_64-pc-linux-gnu/13.2.0/../../../../lib64/:/lib/../lib64/:/usr/lib/../lib64/:/apps/julia/1.9.3/lib/:/zapps7/gcc/13.2.0/bin/../lib/gcc/x86_64-pc-linux-gnu/13.2.0/../../../:/lib/:/usr/lib/]
  ignore line: [COLLECT_GCC_OPTIONS='-v' '-o' 'CMakeFiles/cmTC_5fd39.dir/CMakeCXXCompilerABI.cpp.o' '-c' '-shared-libgcc' '-mtune=broadwell' '-march=sandybridge' '-dumpdir' 'CMakeFiles/cmTC_5fd39.dir/CMakeCXXCompilerABI.cpp.']
  ignore line: [Linking CXX executable cmTC_5fd39]
  ignore line: [/zapps7/cmake/3.21.3/bin/cmake -E cmake_link_script CMakeFiles/cmTC_5fd39.dir/link.txt --verbose=1]
  ignore line: [/apps/gcc/13.2.0/bin/g++  -v -rdynamic CMakeFiles/cmTC_5fd39.dir/CMakeCXXCompilerABI.cpp.o -o cmTC_5fd39 ]
  ignore line: [Using built-in specs.]
  ignore line: [COLLECT_GCC=/apps/gcc/13.2.0/bin/g++]
  ignore line: [COLLECT_LTO_WRAPPER=/zapps7/gcc/13.2.0/bin/../libexec/gcc/x86_64-pc-linux-gnu/13.2.0/lto-wrapper]
  ignore line: [Target: x86_64-pc-linux-gnu]
  ignore line: [Configured with: /apps/src/gcc/src/gcc-13.2.0/configure --prefix=/apps/gcc/13.2.0 --enable-languages=c c++ fortran --disable-multilib --enable-lto --with-diagnostics-color=auto --disable-linux-futex --enable-__cxa-atexit --with-tune=broadwell --with-arch=sandybridge]
  ignore line: [Thread model: posix]
  ignore line: [Supported LTO compression algorithms: zlib zstd]
  ignore line: [gcc version 13.2.0 (GCC) ]
  ignore line: [COMPILER_PATH=/zapps7/gcc/13.2.0/bin/../libexec/gcc/x86_64-pc-linux-gnu/13.2.0/:/zapps7/gcc/13.2.0/bin/../libexec/gcc/]
  ignore line: [LIBRARY_PATH=/zapps7/gcc/13.2.0/bin/../lib/gcc/x86_64-pc-linux-gnu/13.2.0/:/zapps7/gcc/13.2.0/bin/../lib/gcc/:/zapps7/gcc/13.2.0/bin/../lib/gcc/x86_64-pc-linux-gnu/13.2.0/../../../../lib64/:/lib/../lib64/:/usr/lib/../lib64/:/apps/julia/1.9.3/lib/:/zapps7/gcc/13.2.0/bin/../lib/gcc/x86_64-pc-linux-gnu/13.2.0/../../../:/lib/:/usr/lib/]
  ignore line: [COLLECT_GCC_OPTIONS='-v' '-rdynamic' '-o' 'cmTC_5fd39' '-shared-libgcc' '-mtune=broadwell' '-march=sandybridge' '-dumpdir' 'cmTC_5fd39.']
  link line: [ /zapps7/gcc/13.2.0/bin/../libexec/gcc/x86_64-pc-linux-gnu/13.2.0/collect2 -plugin /zapps7/gcc/13.2.0/bin/../libexec/gcc/x86_64-pc-linux-gnu/13.2.0/liblto_plugin.so -plugin-opt=/zapps7/gcc/13.2.0/bin/../libexec/gcc/x86_64-pc-linux-gnu/13.2.0/lto-wrapper -plugin-opt=-fresolution=/tmp/ccol9uLx.res -plugin-opt=-pass-through=-lgcc_s -plugin-opt=-pass-through=-lgcc -plugin-opt=-pass-through=-lc -plugin-opt=-pass-through=-lgcc_s -plugin-opt=-pass-through=-lgcc --eh-frame-hdr -m elf_x86_64 -export-dynamic -dynamic-linker /lib64/ld-linux-x86-64.so.2 -o cmTC_5fd39 /lib/../lib64/crt1.o /lib/../lib64/crti.o /zapps7/gcc/13.2.0/bin/../lib/gcc/x86_64-pc-linux-gnu/13.2.0/crtbegin.o -L/zapps7/gcc/13.2.0/bin/../lib/gcc/x86_64-pc-linux-gnu/13.2.0 -L/zapps7/gcc/13.2.0/bin/../lib/gcc -L/zapps7/gcc/13.2.0/bin/../lib/gcc/x86_64-pc-linux-gnu/13.2.0/../../../../lib64 -L/lib/../lib64 -L/usr/lib/../lib64 -L/apps/julia/1.9.3/lib -L/zapps7/gcc/13.2.0/bin/../lib/gcc/x86_64-pc-linux-gnu/13.2.0/../../.. CMakeFiles/cmTC_5fd39.dir/CMakeCXXCompilerABI.cpp.o -lstdc++ -lm -lgcc_s -lgcc -lc -lgcc_s -lgcc /zapps7/gcc/13.2.0/bin/../lib/gcc/x86_64-pc-linux-gnu/13.2.0/crtend.o /lib/../lib64/crtn.o]
    arg [/zapps7/gcc/13.2.0/bin/../libexec/gcc/x86_64-pc-linux-gnu/13.2.0/collect2] ==> ignore
    arg [-plugin] ==> ignore
    arg [/zapps7/gcc/13.2.0/bin/../libexec/gcc/x86_64-pc-linux-gnu/13.2.0/liblto_plugin.so] ==> ignore
    arg [-plugin-opt=/zapps7/gcc/13.2.0/bin/../libexec/gcc/x86_64-pc-linux-gnu/13.2.0/lto-wrapper] ==> ignore
    arg [-plugin-opt=-fresolution=/tmp/ccol9uLx.res] ==> ignore
    arg [-plugin-opt=-pass-through=-lgcc_s] ==> ignore
    arg [-plugin-opt=-pass-through=-lgcc] ==> ignore
    arg [-plugin-opt=-pass-through=-lc] ==> ignore
    arg [-plugin-opt=-pass-through=-lgcc_s] ==> ignore
    arg [-plugin-opt=-pass-through=-lgcc] ==> ignore
    arg [--eh-frame-hdr] ==> ignore
    arg [-m] ==> ignore
    arg [elf_x86_64] ==> ignore
    arg [-export-dynamic] ==> ignore
    arg [-dynamic-linker] ==> ignore
    arg [/lib64/ld-linux-x86-64.so.2] ==> ignore
    arg [-o] ==> ignore
    arg [cmTC_5fd39] ==> ignore
    arg [/lib/../lib64/crt1.o] ==> obj [/lib/../lib64/crt1.o]
    arg [/lib/../lib64/crti.o] ==> obj [/lib/../lib64/crti.o]
    arg [/zapps7/gcc/13.2.0/bin/../lib/gcc/x86_64-pc-linux-gnu/13.2.0/crtbegin.o] ==> obj [/zapps7/gcc/13.2.0/bin/../lib/gcc/x86_64-pc-linux-gnu/13.2.0/crtbegin.o]
    arg [-L/zapps7/gcc/13.2.0/bin/../lib/gcc/x86_64-pc-linux-gnu/13.2.0] ==> dir [/zapps7/gcc/13.2.0/bin/../lib/gcc/x86_64-pc-linux-gnu/13.2.0]
    arg [-L/zapps7/gcc/13.2.0/bin/../lib/gcc] ==> dir [/zapps7/gcc/13.2.0/bin/../lib/gcc]
    arg [-L/zapps7/gcc/13.2.0/bin/../lib/gcc/x86_64-pc-linux-gnu/13.2.0/../../../../lib64] ==> dir [/zapps7/gcc/13.2.0/bin/../lib/gcc/x86_64-pc-linux-gnu/13.2.0/../../../../lib64]
    arg [-L/lib/../lib64] ==> dir [/lib/../lib64]
    arg [-L/usr/lib/../lib64] ==> dir [/usr/lib/../lib64]
    arg [-L/apps/julia/1.9.3/lib] ==> dir [/apps/julia/1.9.3/lib]
    arg [-L/zapps7/gcc/13.2.0/bin/../lib/gcc/x86_64-pc-linux-gnu/13.2.0/../../..] ==> dir [/zapps7/gcc/13.2.0/bin/../lib/gcc/x86_64-pc-linux-gnu/13.2.0/../../..]
    arg [CMakeFiles/cmTC_5fd39.dir/CMakeCXXCompilerABI.cpp.o] ==> ignore
    arg [-lstdc++] ==> lib [stdc++]
    arg [-lm] ==> lib [m]
    arg [-lgcc_s] ==> lib [gcc_s]
    arg [-lgcc] ==> lib [gcc]
    arg [-lc] ==> lib [c]
    arg [-lgcc_s] ==> lib [gcc_s]
    arg [-lgcc] ==> lib [gcc]
    arg [/zapps7/gcc/13.2.0/bin/../lib/gcc/x86_64-pc-linux-gnu/13.2.0/crtend.o] ==> obj [/zapps7/gcc/13.2.0/bin/../lib/gcc/x86_64-pc-linux-gnu/13.2.0/crtend.o]
    arg [/lib/../lib64/crtn.o] ==> obj [/lib/../lib64/crtn.o]
  collapse obj [/lib/../lib64/crt1.o] ==> [/lib64/crt1.o]
  collapse obj [/lib/../lib64/crti.o] ==> [/lib64/crti.o]
  collapse obj [/zapps7/gcc/13.2.0/bin/../lib/gcc/x86_64-pc-linux-gnu/13.2.0/crtbegin.o] ==> [/zapps7/gcc/13.2.0/lib/gcc/x86_64-pc-linux-gnu/13.2.0/crtbegin.o]
  collapse obj [/zapps7/gcc/13.2.0/bin/../lib/gcc/x86_64-pc-linux-gnu/13.2.0/crtend.o] ==> [/zapps7/gcc/13.2.0/lib/gcc/x86_64-pc-linux-gnu/13.2.0/crtend.o]
  collapse obj [/lib/../lib64/crtn.o] ==> [/lib64/crtn.o]
  collapse library dir [/zapps7/gcc/13.2.0/bin/../lib/gcc/x86_64-pc-linux-gnu/13.2.0] ==> [/zapps7/gcc/13.2.0/lib/gcc/x86_64-pc-linux-gnu/13.2.0]
  collapse library dir [/zapps7/gcc/13.2.0/bin/../lib/gcc] ==> [/zapps7/gcc/13.2.0/lib/gcc]
  collapse library dir [/zapps7/gcc/13.2.0/bin/../lib/gcc/x86_64-pc-linux-gnu/13.2.0/../../../../lib64] ==> [/zapps7/gcc/13.2.0/lib64]
  collapse library dir [/lib/../lib64] ==> [/lib64]
  collapse library dir [/usr/lib/../lib64] ==> [/usr/lib64]
  collapse library dir [/apps/julia/1.9.3/lib] ==> [/apps/julia/1.9.3/lib]
  collapse library dir [/zapps7/gcc/13.2.0/bin/../lib/gcc/x86_64-pc-linux-gnu/13.2.0/../../..] ==> [/zapps7/gcc/13.2.0/lib]
  implicit libs: [stdc++;m;gcc_s;gcc;c;gcc_s;gcc]
  implicit objs: [/lib64/crt1.o;/lib64/crti.o;/zapps7/gcc/13.2.0/lib/gcc/x86_64-pc-linux-gnu/13.2.0/crtbegin.o;/zapps7/gcc/13.2.0/lib/gcc/x86_64-pc-linux-gnu/13.2.0/crtend.o;/lib64/crtn.o]
  implicit dirs: [/zapps7/gcc/13.2.0/lib/gcc/x86_64-pc-linux-gnu/13.2.0;/zapps7/gcc/13.2.0/lib/gcc;/zapps7/gcc/13.2.0/lib64;/lib64;/usr/lib64;/apps/julia/1.9.3/lib;/zapps7/gcc/13.2.0/lib]
  implicit fwks: []


The system is: Linux - 3.10.0-1160.92.1.el7.x86_64 - x86_64
Compiling the C compiler identification source file "CMakeCCompilerId.c" succeeded.
Compiler: /apps/gcc/13.2.0/bin/gcc 
Build flags: 
Id flags: 

The output was:
0


Compilation of the C compiler identification source "CMakeCCompilerId.c" produced "a.out"

The C compiler identification is GNU, found in "/home/bat54/IT-C-530/notes/playingCodes/build/CMakeFiles/2.8.12.2/CompilerIdC/a.out"

Compiling the CXX compiler identification source file "CMakeCXXCompilerId.cpp" succeeded.
Compiler: /apps/gcc/13.2.0/bin/g++ 
Build flags: 
Id flags: 

The output was:
0


Compilation of the CXX compiler identification source "CMakeCXXCompilerId.cpp" produced "a.out"

The CXX compiler identification is GNU, found in "/home/bat54/IT-C-530/notes/playingCodes/build/CMakeFiles/2.8.12.2/CompilerIdCXX/a.out"

Determining if the C compiler works passed with the following output:
Change Dir: /home/bat54/IT-C-530/notes/playingCodes/build/CMakeFiles/CMakeTmp

Run Build Command:/bin/gmake "cmTryCompileExec2373732389/fast"
/bin/gmake -f CMakeFiles/cmTryCompileExec2373732389.dir/build.make CMakeFiles/cmTryCompileExec2373732389.dir/build
gmake[1]: Entering directory `/home/bat54/IT-C-530/notes/playingCodes/build/CMakeFiles/CMakeTmp'
/usr/bin/cmake -E cmake_progress_report /home/bat54/IT-C-530/notes/playingCodes/build/CMakeFiles/CMakeTmp/CMakeFiles 1
Building C object CMakeFiles/cmTryCompileExec2373732389.dir/testCCompiler.c.o
/apps/gcc/13.2.0/bin/gcc    -o CMakeFiles/cmTryCompileExec2373732389.dir/testCCompiler.c.o   -c /home/bat54/IT-C-530/notes/playingCodes/build/CMakeFiles/CMakeTmp/testCCompiler.c
Linking C executable cmTryCompileExec2373732389
/usr/bin/cmake -E cmake_link_script CMakeFiles/cmTryCompileExec2373732389.dir/link.txt --verbose=1
/apps/gcc/13.2.0/bin/gcc       CMakeFiles/cmTryCompileExec2373732389.dir/testCCompiler.c.o  -o cmTryCompileExec2373732389 -rdynamic 
gmake[1]: Leaving directory `/home/bat54/IT-C-530/notes/playingCodes/build/CMakeFiles/CMakeTmp'


Detecting C compiler ABI info compiled with the following output:
Change Dir: /home/bat54/IT-C-530/notes/playingCodes/build/CMakeFiles/CMakeTmp

Run Build Command:/bin/gmake "cmTryCompileExec1201030947/fast"
/bin/gmake -f CMakeFiles/cmTryCompileExec1201030947.dir/build.make CMakeFiles/cmTryCompileExec1201030947.dir/build
gmake[1]: Entering directory `/home/bat54/IT-C-530/notes/playingCodes/build/CMakeFiles/CMakeTmp'
/usr/bin/cmake -E cmake_progress_report /home/bat54/IT-C-530/notes/playingCodes/build/CMakeFiles/CMakeTmp/CMakeFiles 1
Building C object CMakeFiles/cmTryCompileExec1201030947.dir/CMakeCCompilerABI.c.o
/apps/gcc/13.2.0/bin/gcc    -o CMakeFiles/cmTryCompileExec1201030947.dir/CMakeCCompilerABI.c.o   -c /usr/share/cmake/Modules/CMakeCCompilerABI.c
Linking C executable cmTryCompileExec1201030947
/usr/bin/cmake -E cmake_link_script CMakeFiles/cmTryCompileExec1201030947.dir/link.txt --verbose=1
/apps/gcc/13.2.0/bin/gcc     -v CMakeFiles/cmTryCompileExec1201030947.dir/CMakeCCompilerABI.c.o  -o cmTryCompileExec1201030947 -rdynamic  
Using built-in specs.
COLLECT_GCC=/apps/gcc/13.2.0/bin/gcc
COLLECT_LTO_WRAPPER=/zapps7/gcc/13.2.0/bin/../libexec/gcc/x86_64-pc-linux-gnu/13.2.0/lto-wrapper
Target: x86_64-pc-linux-gnu
Configured with: /apps/src/gcc/src/gcc-13.2.0/configure --prefix=/apps/gcc/13.2.0 --enable-languages=c,c++,fortran --disable-multilib --enable-lto --with-diagnostics-color=auto --disable-linux-futex --enable-__cxa-atexit --with-tune=broadwell --with-arch=sandybridge
Thread model: posix
Supported LTO compression algorithms: zlib zstd
gcc version 13.2.0 (GCC) 
COMPILER_PATH=/zapps7/gcc/13.2.0/bin/../libexec/gcc/x86_64-pc-linux-gnu/13.2.0/:/zapps7/gcc/13.2.0/bin/../libexec/gcc/
LIBRARY_PATH=/zapps7/gcc/13.2.0/bin/../lib/gcc/x86_64-pc-linux-gnu/13.2.0/:/zapps7/gcc/13.2.0/bin/../lib/gcc/:/zapps7/gcc/13.2.0/bin/../lib/gcc/x86_64-pc-linux-gnu/13.2.0/../../../../lib64/:/lib/../lib64/:/usr/lib/../lib64/:/apps/julia/1.9.3/lib/:/zapps7/gcc/13.2.0/bin/../lib/gcc/x86_64-pc-linux-gnu/13.2.0/../../../:/lib/:/usr/lib/
COLLECT_GCC_OPTIONS='-v' '-o' 'cmTryCompileExec1201030947' '-rdynamic' '-mtune=broadwell' '-march=sandybridge' '-dumpdir' 'cmTryCompileExec1201030947.'
 /zapps7/gcc/13.2.0/bin/../libexec/gcc/x86_64-pc-linux-gnu/13.2.0/collect2 -plugin /zapps7/gcc/13.2.0/bin/../libexec/gcc/x86_64-pc-linux-gnu/13.2.0/liblto_plugin.so -plugin-opt=/zapps7/gcc/13.2.0/bin/../libexec/gcc/x86_64-pc-linux-gnu/13.2.0/lto-wrapper -plugin-opt=-fresolution=/tmp/cckQLpnJ.res -plugin-opt=-pass-through=-lgcc -plugin-opt=-pass-through=-lgcc_s -plugin-opt=-pass-through=-lc -plugin-opt=-pass-through=-lgcc -plugin-opt=-pass-through=-lgcc_s --eh-frame-hdr -m elf_x86_64 -export-dynamic -dynamic-linker /lib64/ld-linux-x86-64.so.2 -o cmTryCompileExec1201030947 /lib/../lib64/crt1.o /lib/../lib64/crti.o /zapps7/gcc/13.2.0/bin/../lib/gcc/x86_64-pc-linux-gnu/13.2.0/crtbegin.o -L/zapps7/gcc/13.2.0/bin/../lib/gcc/x86_64-pc-linux-gnu/13.2.0 -L/zapps7/gcc/13.2.0/bin/../lib/gcc -L/zapps7/gcc/13.2.0/bin/../lib/gcc/x86_64-pc-linux-gnu/13.2.0/../../../../lib64 -L/lib/../lib64 -L/usr/lib/../lib64 -L/apps/julia/1.9.3/lib -L/zapps7/gcc/13.2.0/bin/../lib/gcc/x86_64-pc-linux-gnu/13.2.0/../../.. CMakeFiles/cmTryCompileExec1201030947.dir/CMakeCCompilerABI.c.o -lgcc --as-needed -lgcc_s --no-as-needed -lc -lgcc --as-needed -lgcc_s --no-as-needed /zapps7/gcc/13.2.0/bin/../lib/gcc/x86_64-pc-linux-gnu/13.2.0/crtend.o /lib/../lib64/crtn.o
COLLECT_GCC_OPTIONS='-v' '-o' 'cmTryCompileExec1201030947' '-rdynamic' '-mtune=broadwell' '-march=sandybridge' '-dumpdir' 'cmTryCompileExec1201030947.'
gmake[1]: Leaving directory `/home/bat54/IT-C-530/notes/playingCodes/build/CMakeFiles/CMakeTmp'


Parsed C implicit link information from above output:
  link line regex: [^( *|.*[/\])(ld|([^/\]+-)?ld|collect2)[^/\]*( |$)]
  ignore line: [Change Dir: /home/bat54/IT-C-530/notes/playingCodes/build/CMakeFiles/CMakeTmp]
  ignore line: []
  ignore line: [Run Build Command:/bin/gmake "cmTryCompileExec1201030947/fast"]
  ignore line: [/bin/gmake -f CMakeFiles/cmTryCompileExec1201030947.dir/build.make CMakeFiles/cmTryCompileExec1201030947.dir/build]
  ignore line: [gmake[1]: Entering directory `/home/bat54/IT-C-530/notes/playingCodes/build/CMakeFiles/CMakeTmp']
  ignore line: [/usr/bin/cmake -E cmake_progress_report /home/bat54/IT-C-530/notes/playingCodes/build/CMakeFiles/CMakeTmp/CMakeFiles 1]
  ignore line: [Building C object CMakeFiles/cmTryCompileExec1201030947.dir/CMakeCCompilerABI.c.o]
  ignore line: [/apps/gcc/13.2.0/bin/gcc    -o CMakeFiles/cmTryCompileExec1201030947.dir/CMakeCCompilerABI.c.o   -c /usr/share/cmake/Modules/CMakeCCompilerABI.c]
  ignore line: [Linking C executable cmTryCompileExec1201030947]
  ignore line: [/usr/bin/cmake -E cmake_link_script CMakeFiles/cmTryCompileExec1201030947.dir/link.txt --verbose=1]
  ignore line: [/apps/gcc/13.2.0/bin/gcc     -v CMakeFiles/cmTryCompileExec1201030947.dir/CMakeCCompilerABI.c.o  -o cmTryCompileExec1201030947 -rdynamic  ]
  ignore line: [Using built-in specs.]
  ignore line: [COLLECT_GCC=/apps/gcc/13.2.0/bin/gcc]
  ignore line: [COLLECT_LTO_WRAPPER=/zapps7/gcc/13.2.0/bin/../libexec/gcc/x86_64-pc-linux-gnu/13.2.0/lto-wrapper]
  ignore line: [Target: x86_64-pc-linux-gnu]
  ignore line: [Configured with: /apps/src/gcc/src/gcc-13.2.0/configure --prefix=/apps/gcc/13.2.0 --enable-languages=c,c++,fortran --disable-multilib --enable-lto --with-diagnostics-color=auto --disable-linux-futex --enable-__cxa-atexit --with-tune=broadwell --with-arch=sandybridge]
  ignore line: [Thread model: posix]
  ignore line: [Supported LTO compression algorithms: zlib zstd]
  ignore line: [gcc version 13.2.0 (GCC) ]
  ignore line: [COMPILER_PATH=/zapps7/gcc/13.2.0/bin/../libexec/gcc/x86_64-pc-linux-gnu/13.2.0/:/zapps7/gcc/13.2.0/bin/../libexec/gcc/]
  ignore line: [LIBRARY_PATH=/zapps7/gcc/13.2.0/bin/../lib/gcc/x86_64-pc-linux-gnu/13.2.0/:/zapps7/gcc/13.2.0/bin/../lib/gcc/:/zapps7/gcc/13.2.0/bin/../lib/gcc/x86_64-pc-linux-gnu/13.2.0/../../../../lib64/:/lib/../lib64/:/usr/lib/../lib64/:/apps/julia/1.9.3/lib/:/zapps7/gcc/13.2.0/bin/../lib/gcc/x86_64-pc-linux-gnu/13.2.0/../../../:/lib/:/usr/lib/]
  ignore line: [COLLECT_GCC_OPTIONS='-v' '-o' 'cmTryCompileExec1201030947' '-rdynamic' '-mtune=broadwell' '-march=sandybridge' '-dumpdir' 'cmTryCompileExec1201030947.']
  link line: [ /zapps7/gcc/13.2.0/bin/../libexec/gcc/x86_64-pc-linux-gnu/13.2.0/collect2 -plugin /zapps7/gcc/13.2.0/bin/../libexec/gcc/x86_64-pc-linux-gnu/13.2.0/liblto_plugin.so -plugin-opt=/zapps7/gcc/13.2.0/bin/../libexec/gcc/x86_64-pc-linux-gnu/13.2.0/lto-wrapper -plugin-opt=-fresolution=/tmp/cckQLpnJ.res -plugin-opt=-pass-through=-lgcc -plugin-opt=-pass-through=-lgcc_s -plugin-opt=-pass-through=-lc -plugin-opt=-pass-through=-lgcc -plugin-opt=-pass-through=-lgcc_s --eh-frame-hdr -m elf_x86_64 -export-dynamic -dynamic-linker /lib64/ld-linux-x86-64.so.2 -o cmTryCompileExec1201030947 /lib/../lib64/crt1.o /lib/../lib64/crti.o /zapps7/gcc/13.2.0/bin/../lib/gcc/x86_64-pc-linux-gnu/13.2.0/crtbegin.o -L/zapps7/gcc/13.2.0/bin/../lib/gcc/x86_64-pc-linux-gnu/13.2.0 -L/zapps7/gcc/13.2.0/bin/../lib/gcc -L/zapps7/gcc/13.2.0/bin/../lib/gcc/x86_64-pc-linux-gnu/13.2.0/../../../../lib64 -L/lib/../lib64 -L/usr/lib/../lib64 -L/apps/julia/1.9.3/lib -L/zapps7/gcc/13.2.0/bin/../lib/gcc/x86_64-pc-linux-gnu/13.2.0/../../.. CMakeFiles/cmTryCompileExec1201030947.dir/CMakeCCompilerABI.c.o -lgcc --as-needed -lgcc_s --no-as-needed -lc -lgcc --as-needed -lgcc_s --no-as-needed /zapps7/gcc/13.2.0/bin/../lib/gcc/x86_64-pc-linux-gnu/13.2.0/crtend.o /lib/../lib64/crtn.o]
    arg [/zapps7/gcc/13.2.0/bin/../libexec/gcc/x86_64-pc-linux-gnu/13.2.0/collect2] ==> ignore
    arg [-plugin] ==> ignore
    arg [/zapps7/gcc/13.2.0/bin/../libexec/gcc/x86_64-pc-linux-gnu/13.2.0/liblto_plugin.so] ==> ignore
    arg [-plugin-opt=/zapps7/gcc/13.2.0/bin/../libexec/gcc/x86_64-pc-linux-gnu/13.2.0/lto-wrapper] ==> ignore
    arg [-plugin-opt=-fresolution=/tmp/cckQLpnJ.res] ==> ignore
    arg [-plugin-opt=-pass-through=-lgcc] ==> ignore
    arg [-plugin-opt=-pass-through=-lgcc_s] ==> ignore
    arg [-plugin-opt=-pass-through=-lc] ==> ignore
    arg [-plugin-opt=-pass-through=-lgcc] ==> ignore
    arg [-plugin-opt=-pass-through=-lgcc_s] ==> ignore
    arg [--eh-frame-hdr] ==> ignore
    arg [-m] ==> ignore
    arg [elf_x86_64] ==> ignore
    arg [-export-dynamic] ==> ignore
    arg [-dynamic-linker] ==> ignore
    arg [/lib64/ld-linux-x86-64.so.2] ==> ignore
    arg [-o] ==> ignore
    arg [cmTryCompileExec1201030947] ==> ignore
    arg [/lib/../lib64/crt1.o] ==> ignore
    arg [/lib/../lib64/crti.o] ==> ignore
    arg [/zapps7/gcc/13.2.0/bin/../lib/gcc/x86_64-pc-linux-gnu/13.2.0/crtbegin.o] ==> ignore
    arg [-L/zapps7/gcc/13.2.0/bin/../lib/gcc/x86_64-pc-linux-gnu/13.2.0] ==> dir [/zapps7/gcc/13.2.0/bin/../lib/gcc/x86_64-pc-linux-gnu/13.2.0]
    arg [-L/zapps7/gcc/13.2.0/bin/../lib/gcc] ==> dir [/zapps7/gcc/13.2.0/bin/../lib/gcc]
    arg [-L/zapps7/gcc/13.2.0/bin/../lib/gcc/x86_64-pc-linux-gnu/13.2.0/../../../../lib64] ==> dir [/zapps7/gcc/13.2.0/bin/../lib/gcc/x86_64-pc-linux-gnu/13.2.0/../../../../lib64]
    arg [-L/lib/../lib64] ==> dir [/lib/../lib64]
    arg [-L/usr/lib/../lib64] ==> dir [/usr/lib/../lib64]
    arg [-L/apps/julia/1.9.3/lib] ==> dir [/apps/julia/1.9.3/lib]
    arg [-L/zapps7/gcc/13.2.0/bin/../lib/gcc/x86_64-pc-linux-gnu/13.2.0/../../..] ==> dir [/zapps7/gcc/13.2.0/bin/../lib/gcc/x86_64-pc-linux-gnu/13.2.0/../../..]
    arg [CMakeFiles/cmTryCompileExec1201030947.dir/CMakeCCompilerABI.c.o] ==> ignore
    arg [-lgcc] ==> lib [gcc]
    arg [--as-needed] ==> ignore
    arg [-lgcc_s] ==> lib [gcc_s]
    arg [--no-as-needed] ==> ignore
    arg [-lc] ==> lib [c]
    arg [-lgcc] ==> lib [gcc]
    arg [--as-needed] ==> ignore
    arg [-lgcc_s] ==> lib [gcc_s]
    arg [--no-as-needed] ==> ignore
    arg [/zapps7/gcc/13.2.0/bin/../lib/gcc/x86_64-pc-linux-gnu/13.2.0/crtend.o] ==> ignore
    arg [/lib/../lib64/crtn.o] ==> ignore
  remove lib [gcc]
  remove lib [gcc_s]
  remove lib [gcc]
  remove lib [gcc_s]
  collapse library dir [/zapps7/gcc/13.2.0/bin/../lib/gcc/x86_64-pc-linux-gnu/13.2.0] ==> [/zapps7/gcc/13.2.0/lib/gcc/x86_64-pc-linux-gnu/13.2.0]
  collapse library dir [/zapps7/gcc/13.2.0/bin/../lib/gcc] ==> [/zapps7/gcc/13.2.0/lib/gcc]
  collapse library dir [/zapps7/gcc/13.2.0/bin/../lib/gcc/x86_64-pc-linux-gnu/13.2.0/../../../../lib64] ==> [/zapps7/gcc/13.2.0/lib64]
  collapse library dir [/lib/../lib64] ==> [/lib64]
  collapse library dir [/usr/lib/../lib64] ==> [/usr/lib64]
  collapse library dir [/apps/julia/1.9.3/lib] ==> [/apps/julia/1.9.3/lib]
  collapse library dir [/zapps7/gcc/13.2.0/bin/../lib/gcc/x86_64-pc-linux-gnu/13.2.0/../../..] ==> [/zapps7/gcc/13.2.0/lib]
  implicit libs: [c]
  implicit dirs: [/zapps7/gcc/13.2.0/lib/gcc/x86_64-pc-linux-gnu/13.2.0;/zapps7/gcc/13.2.0/lib/gcc;/zapps7/gcc/13.2.0/lib64;/lib64;/usr/lib64;/apps/julia/1.9.3/lib;/zapps7/gcc/13.2.0/lib]
  implicit fwks: []


Determining if the CXX compiler works passed with the following output:
Change Dir: /home/bat54/IT-C-530/notes/playingCodes/build/CMakeFiles/CMakeTmp

Run Build Command:/bin/gmake "cmTryCompileExec1468677699/fast"
/bin/gmake -f CMakeFiles/cmTryCompileExec1468677699.dir/build.make CMakeFiles/cmTryCompileExec1468677699.dir/build
gmake[1]: Entering directory `/home/bat54/IT-C-530/notes/playingCodes/build/CMakeFiles/CMakeTmp'
/usr/bin/cmake -E cmake_progress_report /home/bat54/IT-C-530/notes/playingCodes/build/CMakeFiles/CMakeTmp/CMakeFiles 1
Building CXX object CMakeFiles/cmTryCompileExec1468677699.dir/testCXXCompiler.cxx.o
/apps/gcc/13.2.0/bin/g++     -o CMakeFiles/cmTryCompileExec1468677699.dir/testCXXCompiler.cxx.o -c /home/bat54/IT-C-530/notes/playingCodes/build/CMakeFiles/CMakeTmp/testCXXCompiler.cxx
Linking CXX executable cmTryCompileExec1468677699
/usr/bin/cmake -E cmake_link_script CMakeFiles/cmTryCompileExec1468677699.dir/link.txt --verbose=1
/apps/gcc/13.2.0/bin/g++        CMakeFiles/cmTryCompileExec1468677699.dir/testCXXCompiler.cxx.o  -o cmTryCompileExec1468677699 -rdynamic 
gmake[1]: Leaving directory `/home/bat54/IT-C-530/notes/playingCodes/build/CMakeFiles/CMakeTmp'


Detecting CXX compiler ABI info compiled with the following output:
Change Dir: /home/bat54/IT-C-530/notes/playingCodes/build/CMakeFiles/CMakeTmp

Run Build Command:/bin/gmake "cmTryCompileExec2414760279/fast"
/bin/gmake -f CMakeFiles/cmTryCompileExec2414760279.dir/build.make CMakeFiles/cmTryCompileExec2414760279.dir/build
gmake[1]: Entering directory `/home/bat54/IT-C-530/notes/playingCodes/build/CMakeFiles/CMakeTmp'
/usr/bin/cmake -E cmake_progress_report /home/bat54/IT-C-530/notes/playingCodes/build/CMakeFiles/CMakeTmp/CMakeFiles 1
Building CXX object CMakeFiles/cmTryCompileExec2414760279.dir/CMakeCXXCompilerABI.cpp.o
/apps/gcc/13.2.0/bin/g++     -o CMakeFiles/cmTryCompileExec2414760279.dir/CMakeCXXCompilerABI.cpp.o -c /usr/share/cmake/Modules/CMakeCXXCompilerABI.cpp
Linking CXX executable cmTryCompileExec2414760279
/usr/bin/cmake -E cmake_link_script CMakeFiles/cmTryCompileExec2414760279.dir/link.txt --verbose=1
/apps/gcc/13.2.0/bin/g++      -v CMakeFiles/cmTryCompileExec2414760279.dir/CMakeCXXCompilerABI.cpp.o  -o cmTryCompileExec2414760279 -rdynamic  
Using built-in specs.
COLLECT_GCC=/apps/gcc/13.2.0/bin/g++
COLLECT_LTO_WRAPPER=/zapps7/gcc/13.2.0/bin/../libexec/gcc/x86_64-pc-linux-gnu/13.2.0/lto-wrapper
Target: x86_64-pc-linux-gnu
Configured with: /apps/src/gcc/src/gcc-13.2.0/configure --prefix=/apps/gcc/13.2.0 --enable-languages=c,c++,fortran --disable-multilib --enable-lto --with-diagnostics-color=auto --disable-linux-futex --enable-__cxa-atexit --with-tune=broadwell --with-arch=sandybridge
Thread model: posix
Supported LTO compression algorithms: zlib zstd
gcc version 13.2.0 (GCC) 
COMPILER_PATH=/zapps7/gcc/13.2.0/bin/../libexec/gcc/x86_64-pc-linux-gnu/13.2.0/:/zapps7/gcc/13.2.0/bin/../libexec/gcc/
LIBRARY_PATH=/zapps7/gcc/13.2.0/bin/../lib/gcc/x86_64-pc-linux-gnu/13.2.0/:/zapps7/gcc/13.2.0/bin/../lib/gcc/:/zapps7/gcc/13.2.0/bin/../lib/gcc/x86_64-pc-linux-gnu/13.2.0/../../../../lib64/:/lib/../lib64/:/usr/lib/../lib64/:/apps/julia/1.9.3/lib/:/zapps7/gcc/13.2.0/bin/../lib/gcc/x86_64-pc-linux-gnu/13.2.0/../../../:/lib/:/usr/lib/
COLLECT_GCC_OPTIONS='-v' '-o' 'cmTryCompileExec2414760279' '-rdynamic' '-shared-libgcc' '-mtune=broadwell' '-march=sandybridge' '-dumpdir' 'cmTryCompileExec2414760279.'
 /zapps7/gcc/13.2.0/bin/../libexec/gcc/x86_64-pc-linux-gnu/13.2.0/collect2 -plugin /zapps7/gcc/13.2.0/bin/../libexec/gcc/x86_64-pc-linux-gnu/13.2.0/liblto_plugin.so -plugin-opt=/zapps7/gcc/13.2.0/bin/../libexec/gcc/x86_64-pc-linux-gnu/13.2.0/lto-wrapper -plugin-opt=-fresolution=/tmp/cchJLAP4.res -plugin-opt=-pass-through=-lgcc_s -plugin-opt=-pass-through=-lgcc -plugin-opt=-pass-through=-lc -plugin-opt=-pass-through=-lgcc_s -plugin-opt=-pass-through=-lgcc --eh-frame-hdr -m elf_x86_64 -export-dynamic -dynamic-linker /lib64/ld-linux-x86-64.so.2 -o cmTryCompileExec2414760279 /lib/../lib64/crt1.o /lib/../lib64/crti.o /zapps7/gcc/13.2.0/bin/../lib/gcc/x86_64-pc-linux-gnu/13.2.0/crtbegin.o -L/zapps7/gcc/13.2.0/bin/../lib/gcc/x86_64-pc-linux-gnu/13.2.0 -L/zapps7/gcc/13.2.0/bin/../lib/gcc -L/zapps7/gcc/13.2.0/bin/../lib/gcc/x86_64-pc-linux-gnu/13.2.0/../../../../lib64 -L/lib/../lib64 -L/usr/lib/../lib64 -L/apps/julia/1.9.3/lib -L/zapps7/gcc/13.2.0/bin/../lib/gcc/x86_64-pc-linux-gnu/13.2.0/../../.. CMakeFiles/cmTryCompileExec2414760279.dir/CMakeCXXCompilerABI.cpp.o -lstdc++ -lm -lgcc_s -lgcc -lc -lgcc_s -lgcc /zapps7/gcc/13.2.0/bin/../lib/gcc/x86_64-pc-linux-gnu/13.2.0/crtend.o /lib/../lib64/crtn.o
COLLECT_GCC_OPTIONS='-v' '-o' 'cmTryCompileExec2414760279' '-rdynamic' '-shared-libgcc' '-mtune=broadwell' '-march=sandybridge' '-dumpdir' 'cmTryCompileExec2414760279.'
gmake[1]: Leaving directory `/home/bat54/IT-C-530/notes/playingCodes/build/CMakeFiles/CMakeTmp'


Parsed CXX implicit link information from above output:
  link line regex: [^( *|.*[/\])(ld|([^/\]+-)?ld|collect2)[^/\]*( |$)]
  ignore line: [Change Dir: /home/bat54/IT-C-530/notes/playingCodes/build/CMakeFiles/CMakeTmp]
  ignore line: []
  ignore line: [Run Build Command:/bin/gmake "cmTryCompileExec2414760279/fast"]
  ignore line: [/bin/gmake -f CMakeFiles/cmTryCompileExec2414760279.dir/build.make CMakeFiles/cmTryCompileExec2414760279.dir/build]
  ignore line: [gmake[1]: Entering directory `/home/bat54/IT-C-530/notes/playingCodes/build/CMakeFiles/CMakeTmp']
  ignore line: [/usr/bin/cmake -E cmake_progress_report /home/bat54/IT-C-530/notes/playingCodes/build/CMakeFiles/CMakeTmp/CMakeFiles 1]
  ignore line: [Building CXX object CMakeFiles/cmTryCompileExec2414760279.dir/CMakeCXXCompilerABI.cpp.o]
  ignore line: [/apps/gcc/13.2.0/bin/g++     -o CMakeFiles/cmTryCompileExec2414760279.dir/CMakeCXXCompilerABI.cpp.o -c /usr/share/cmake/Modules/CMakeCXXCompilerABI.cpp]
  ignore line: [Linking CXX executable cmTryCompileExec2414760279]
  ignore line: [/usr/bin/cmake -E cmake_link_script CMakeFiles/cmTryCompileExec2414760279.dir/link.txt --verbose=1]
  ignore line: [/apps/gcc/13.2.0/bin/g++      -v CMakeFiles/cmTryCompileExec2414760279.dir/CMakeCXXCompilerABI.cpp.o  -o cmTryCompileExec2414760279 -rdynamic  ]
  ignore line: [Using built-in specs.]
  ignore line: [COLLECT_GCC=/apps/gcc/13.2.0/bin/g++]
  ignore line: [COLLECT_LTO_WRAPPER=/zapps7/gcc/13.2.0/bin/../libexec/gcc/x86_64-pc-linux-gnu/13.2.0/lto-wrapper]
  ignore line: [Target: x86_64-pc-linux-gnu]
  ignore line: [Configured with: /apps/src/gcc/src/gcc-13.2.0/configure --prefix=/apps/gcc/13.2.0 --enable-languages=c,c++,fortran --disable-multilib --enable-lto --with-diagnostics-color=auto --disable-linux-futex --enable-__cxa-atexit --with-tune=broadwell --with-arch=sandybridge]
  ignore line: [Thread model: posix]
  ignore line: [Supported LTO compression algorithms: zlib zstd]
  ignore line: [gcc version 13.2.0 (GCC) ]
  ignore line: [COMPILER_PATH=/zapps7/gcc/13.2.0/bin/../libexec/gcc/x86_64-pc-linux-gnu/13.2.0/:/zapps7/gcc/13.2.0/bin/../libexec/gcc/]
  ignore line: [LIBRARY_PATH=/zapps7/gcc/13.2.0/bin/../lib/gcc/x86_64-pc-linux-gnu/13.2.0/:/zapps7/gcc/13.2.0/bin/../lib/gcc/:/zapps7/gcc/13.2.0/bin/../lib/gcc/x86_64-pc-linux-gnu/13.2.0/../../../../lib64/:/lib/../lib64/:/usr/lib/../lib64/:/apps/julia/1.9.3/lib/:/zapps7/gcc/13.2.0/bin/../lib/gcc/x86_64-pc-linux-gnu/13.2.0/../../../:/lib/:/usr/lib/]
  ignore line: [COLLECT_GCC_OPTIONS='-v' '-o' 'cmTryCompileExec2414760279' '-rdynamic' '-shared-libgcc' '-mtune=broadwell' '-march=sandybridge' '-dumpdir' 'cmTryCompileExec2414760279.']
  link line: [ /zapps7/gcc/13.2.0/bin/../libexec/gcc/x86_64-pc-linux-gnu/13.2.0/collect2 -plugin /zapps7/gcc/13.2.0/bin/../libexec/gcc/x86_64-pc-linux-gnu/13.2.0/liblto_plugin.so -plugin-opt=/zapps7/gcc/13.2.0/bin/../libexec/gcc/x86_64-pc-linux-gnu/13.2.0/lto-wrapper -plugin-opt=-fresolution=/tmp/cchJLAP4.res -plugin-opt=-pass-through=-lgcc_s -plugin-opt=-pass-through=-lgcc -plugin-opt=-pass-through=-lc -plugin-opt=-pass-through=-lgcc_s -plugin-opt=-pass-through=-lgcc --eh-frame-hdr -m elf_x86_64 -export-dynamic -dynamic-linker /lib64/ld-linux-x86-64.so.2 -o cmTryCompileExec2414760279 /lib/../lib64/crt1.o /lib/../lib64/crti.o /zapps7/gcc/13.2.0/bin/../lib/gcc/x86_64-pc-linux-gnu/13.2.0/crtbegin.o -L/zapps7/gcc/13.2.0/bin/../lib/gcc/x86_64-pc-linux-gnu/13.2.0 -L/zapps7/gcc/13.2.0/bin/../lib/gcc -L/zapps7/gcc/13.2.0/bin/../lib/gcc/x86_64-pc-linux-gnu/13.2.0/../../../../lib64 -L/lib/../lib64 -L/usr/lib/../lib64 -L/apps/julia/1.9.3/lib -L/zapps7/gcc/13.2.0/bin/../lib/gcc/x86_64-pc-linux-gnu/13.2.0/../../.. CMakeFiles/cmTryCompileExec2414760279.dir/CMakeCXXCompilerABI.cpp.o -lstdc++ -lm -lgcc_s -lgcc -lc -lgcc_s -lgcc /zapps7/gcc/13.2.0/bin/../lib/gcc/x86_64-pc-linux-gnu/13.2.0/crtend.o /lib/../lib64/crtn.o]
    arg [/zapps7/gcc/13.2.0/bin/../libexec/gcc/x86_64-pc-linux-gnu/13.2.0/collect2] ==> ignore
    arg [-plugin] ==> ignore
    arg [/zapps7/gcc/13.2.0/bin/../libexec/gcc/x86_64-pc-linux-gnu/13.2.0/liblto_plugin.so] ==> ignore
    arg [-plugin-opt=/zapps7/gcc/13.2.0/bin/../libexec/gcc/x86_64-pc-linux-gnu/13.2.0/lto-wrapper] ==> ignore
    arg [-plugin-opt=-fresolution=/tmp/cchJLAP4.res] ==> ignore
    arg [-plugin-opt=-pass-through=-lgcc_s] ==> ignore
    arg [-plugin-opt=-pass-through=-lgcc] ==> ignore
    arg [-plugin-opt=-pass-through=-lc] ==> ignore
    arg [-plugin-opt=-pass-through=-lgcc_s] ==> ignore
    arg [-plugin-opt=-pass-through=-lgcc] ==> ignore
    arg [--eh-frame-hdr] ==> ignore
    arg [-m] ==> ignore
    arg [elf_x86_64] ==> ignore
    arg [-export-dynamic] ==> ignore
    arg [-dynamic-linker] ==> ignore
    arg [/lib64/ld-linux-x86-64.so.2] ==> ignore
    arg [-o] ==> ignore
    arg [cmTryCompileExec2414760279] ==> ignore
    arg [/lib/../lib64/crt1.o] ==> ignore
    arg [/lib/../lib64/crti.o] ==> ignore
    arg [/zapps7/gcc/13.2.0/bin/../lib/gcc/x86_64-pc-linux-gnu/13.2.0/crtbegin.o] ==> ignore
    arg [-L/zapps7/gcc/13.2.0/bin/../lib/gcc/x86_64-pc-linux-gnu/13.2.0] ==> dir [/zapps7/gcc/13.2.0/bin/../lib/gcc/x86_64-pc-linux-gnu/13.2.0]
    arg [-L/zapps7/gcc/13.2.0/bin/../lib/gcc] ==> dir [/zapps7/gcc/13.2.0/bin/../lib/gcc]
    arg [-L/zapps7/gcc/13.2.0/bin/../lib/gcc/x86_64-pc-linux-gnu/13.2.0/../../../../lib64] ==> dir [/zapps7/gcc/13.2.0/bin/../lib/gcc/x86_64-pc-linux-gnu/13.2.0/../../../../lib64]
    arg [-L/lib/../lib64] ==> dir [/lib/../lib64]
    arg [-L/usr/lib/../lib64] ==> dir [/usr/lib/../lib64]
    arg [-L/apps/julia/1.9.3/lib] ==> dir [/apps/julia/1.9.3/lib]
    arg [-L/zapps7/gcc/13.2.0/bin/../lib/gcc/x86_64-pc-linux-gnu/13.2.0/../../..] ==> dir [/zapps7/gcc/13.2.0/bin/../lib/gcc/x86_64-pc-linux-gnu/13.2.0/../../..]
    arg [CMakeFiles/cmTryCompileExec2414760279.dir/CMakeCXXCompilerABI.cpp.o] ==> ignore
    arg [-lstdc++] ==> lib [stdc++]
    arg [-lm] ==> lib [m]
    arg [-lgcc_s] ==> lib [gcc_s]
    arg [-lgcc] ==> lib [gcc]
    arg [-lc] ==> lib [c]
    arg [-lgcc_s] ==> lib [gcc_s]
    arg [-lgcc] ==> lib [gcc]
    arg [/zapps7/gcc/13.2.0/bin/../lib/gcc/x86_64-pc-linux-gnu/13.2.0/crtend.o] ==> ignore
    arg [/lib/../lib64/crtn.o] ==> ignore
  remove lib [gcc_s]
  remove lib [gcc]
  remove lib [gcc_s]
  remove lib [gcc]
  collapse library dir [/zapps7/gcc/13.2.0/bin/../lib/gcc/x86_64-pc-linux-gnu/13.2.0] ==> [/zapps7/gcc/13.2.0/lib/gcc/x86_64-pc-linux-gnu/13.2.0]
  collapse library dir [/zapps7/gcc/13.2.0/bin/../lib/gcc] ==> [/zapps7/gcc/13.2.0/lib/gcc]
  collapse library dir [/zapps7/gcc/13.2.0/bin/../lib/gcc/x86_64-pc-linux-gnu/13.2.0/../../../../lib64] ==> [/zapps7/gcc/13.2.0/lib64]
  collapse library dir [/lib/../lib64] ==> [/lib64]
  collapse library dir [/usr/lib/../lib64] ==> [/usr/lib64]
  collapse library dir [/apps/julia/1.9.3/lib] ==> [/apps/julia/1.9.3/lib]
  collapse library dir [/zapps7/gcc/13.2.0/bin/../lib/gcc/x86_64-pc-linux-gnu/13.2.0/../../..] ==> [/zapps7/gcc/13.2.0/lib]
  implicit libs: [stdc++;m;c]
  implicit dirs: [/zapps7/gcc/13.2.0/lib/gcc/x86_64-pc-linux-gnu/13.2.0;/zapps7/gcc/13.2.0/lib/gcc;/zapps7/gcc/13.2.0/lib64;/lib64;/usr/lib64;/apps/julia/1.9.3/lib;/zapps7/gcc/13.2.0/lib]
  implicit fwks: []


